#
# A fatal error has been detected by the Java Runtime Environment:
#
#  EXCEPTION_ACCESS_VIOLATION (0xc0000005) at pc=0x000000001efcb440, pid=8508, tid=0x00000000000022c0
#
# JRE version: Java(TM) SE Runtime Environment (8.0_201-b09) (build 1.8.0_201-b09)
# Java VM: Java HotSpot(TM) 64-Bit Server VM (25.201-b09 mixed mode windows-amd64 compressed oops)
# Problematic frame:
# C  [zkemkeeper.dll+0x3b440]
#
# Failed to write core dump. Minidumps are not enabled by default on client versions of Windows
#
# If you would like to submit a bug report, please visit:
#   http://bugreport.java.com/bugreport/crash.jsp
# The crash happened outside the Java Virtual Machine in native code.
# See problematic frame for where to report the bug.
#

---------------  T H R E A D  ---------------

Current thread (0x00000000241a7000):  JavaThread "DefaultQuartzScheduler_Worker-1" [_thread_in_native, id=8896, stack(0x0000000020ca0000,0x0000000020da0000)]

siginfo: ExceptionCode=0xc0000005, writing address 0x0000000000000000

Registers:
RAX=0x0000000000000000, RBX=0x0000000023c17700, RCX=0x2c07da77f1930000, RDX=0x0000000000000000
RSP=0x0000000020d9e070, RBP=0x0000000020d9e0c0, RSI=0x0000000020d9e3a0, RDI=0x0000000020d9e160
R8 =0x000000000000037f, R9 =0xfeeefeeefeeefeee, R10=0x0000000023be0158, R11=0x000000000007f440
R12=0x00000000257a87f8, R13=0x0000000020d9e398, R14=0x000000000000000a, R15=0x0000000020d9e3a0
RIP=0x000000001efcb440, EFLAGS=0x0000000000010202

Top of Stack: (sp=0x0000000020d9e070)
0x0000000020d9e070:   0000000020d9e0a0 0000000023c17700
0x0000000020d9e080:   0000000020d9e3a0 0000000020d9e0c0
0x0000000020d9e090:   0000000000001112 0000000020d9e3a0
0x0000000020d9e0a0:   2e3836312e323931 0000003332322e31
0x0000000020d9e0b0:   000000001fb5fd80 000007fefda41cb1
0x0000000020d9e0c0:   0000000020d9e0a0 000000000000000e
0x0000000020d9e0d0:   00000000256a0000 0000000020d9e1a8
0x0000000020d9e0e0:   6c6f636f746f7270 6170692c5044553d
0x0000000020d9e0f0:   313d737365726464 312e3836312e3239
0x0000000020d9e100:   726f702c3332322e 742c303733343d74
0x0000000020d9e110:   343d74756f656d69 737361702c303030
0x0000000020d9e120:   00000000003d6477 0000000000000000
0x0000000020d9e130:   0000000000000000 0000000000000000
0x0000000020d9e140:   0000000000000000 0000000000000000
0x0000000020d9e150:   0000000000000000 0000000000000000
0x0000000020d9e160:   6c6f636f746f7270 6170692c5043543d 

Instructions: (pc=0x000000001efcb440)
0x000000001efcb420:   40 10 48 83 38 00 75 1b 48 8d 4d 20 ff 15 d6 82
0x000000001efcb430:   04 00 48 8b d0 48 8b 85 80 01 00 00 48 8b 40 10
0x000000001efcb440:   48 89 10 48 8b 85 80 01 00 00 48 8b 40 10 48 83
0x000000001efcb450:   38 00 74 0e b8 01 00 00 00 66 89 85 50 01 00 00 


Register to memory mapping:

RAX=0x0000000000000000 is an unknown value
RBX=0x0000000023c17700 is an unknown value
RCX=0x2c07da77f1930000 is an unknown value
RDX=0x0000000000000000 is an unknown value
RSP=0x0000000020d9e070 is pointing into the stack for thread: 0x00000000241a7000
RBP=0x0000000020d9e0c0 is pointing into the stack for thread: 0x00000000241a7000
RSI=0x0000000020d9e3a0 is pointing into the stack for thread: 0x00000000241a7000
RDI=0x0000000020d9e160 is pointing into the stack for thread: 0x00000000241a7000
R8 =0x000000000000037f is an unknown value
R9 =0xfeeefeeefeeefeee is an unknown value
R10=0x0000000023be0158 is an unknown value
R11=0x000000000007f440 is an unknown value
R12=0x00000000257a87f8 is an unknown value
R13=0x0000000020d9e398 is pointing into the stack for thread: 0x00000000241a7000
R14=0x000000000000000a is an unknown value
R15=0x0000000020d9e3a0 is pointing into the stack for thread: 0x00000000241a7000


Stack: [0x0000000020ca0000,0x0000000020da0000],  sp=0x0000000020d9e070,  free space=1016k
Native frames: (J=compiled Java code, j=interpreted, Vv=VM code, C=native code)
C  [zkemkeeper.dll+0x3b440]
C  [zkemkeeper.dll+0xde0f]
C  [OLEAUT32.dll+0x17d0]
C  [OLEAUT32.dll+0x2452]
C  [OLEAUT32.dll+0x1e32]
C  [zkemkeeper.dll+0x24549]
C  [zkemkeeper.dll+0x244ab]
C  [jacob-1.17-M2-x64.dll+0x20e9]
C  0x0000000002768c67

Java frames: (J=compiled Java code, j=interpreted, Vv=VM code)
j  com.jacob.com.Dispatch.invokev(Lcom/jacob/com/Dispatch;Ljava/lang/String;III[Lcom/jacob/com/Variant;[I)Lcom/jacob/com/Variant;+0
j  com.jacob.com.Dispatch.invokev(Lcom/jacob/com/Dispatch;Ljava/lang/String;I[Lcom/jacob/com/Variant;[I)Lcom/jacob/com/Variant;+14
j  com.jacob.com.Dispatch.callN(Lcom/jacob/com/Dispatch;Ljava/lang/String;[Ljava/lang/Object;)Lcom/jacob/com/Variant;+15
j  com.jacob.com.Dispatch.call(Lcom/jacob/com/Dispatch;Ljava/lang/String;[Ljava/lang/Object;)Lcom/jacob/com/Variant;+7
j  com.jacob.activeX.ActiveXComponent.invoke(Ljava/lang/String;Ljava/lang/String;I)Lcom/jacob/com/Variant;+21
j  uitl.ZkemSDK.connect(Ljava/lang/String;II)Z+7
j  service.ZKKQJob.executeApp()V+385
j  service.ZKKQJob.execute(Lorg/quartz/JobExecutionContext;)V+5
j  org.quartz.core.JobRunShell.run()V+282
j  org.quartz.simpl.SimpleThreadPool$WorkerThread.run()V+82
v  ~StubRoutines::call_stub

---------------  P R O C E S S  ---------------

Java Threads: ( => current thread )
  0x00000000241b0000 JavaThread "DestroyJavaVM" [_thread_blocked, id=692, stack(0x0000000002380000,0x0000000002480000)]
  0x00000000241af000 JavaThread "Timer-0" daemon [_thread_blocked, id=4896, stack(0x0000000021850000,0x0000000021950000)]
  0x00000000241ae800 JavaThread "DefaultQuartzScheduler_QuartzSchedulerThread" [_thread_blocked, id=10984, stack(0x0000000021aa0000,0x0000000021ba0000)]
  0x00000000241ad800 JavaThread "DefaultQuartzScheduler_Worker-10" [_thread_blocked, id=9060, stack(0x0000000021960000,0x0000000021a60000)]
  0x00000000241ad000 JavaThread "DefaultQuartzScheduler_Worker-9" [_thread_blocked, id=7940, stack(0x0000000021720000,0x0000000021820000)]
  0x00000000241ac000 JavaThread "DefaultQuartzScheduler_Worker-8" [_thread_blocked, id=7956, stack(0x0000000021210000,0x0000000021310000)]
  0x00000000241ab800 JavaThread "DefaultQuartzScheduler_Worker-7" [_thread_blocked, id=8332, stack(0x0000000021380000,0x0000000021480000)]
  0x00000000241aa800 JavaThread "DefaultQuartzScheduler_Worker-6" [_thread_blocked, id=3776, stack(0x0000000020fd0000,0x00000000210d0000)]
  0x00000000241aa000 JavaThread "DefaultQuartzScheduler_Worker-5" [_thread_blocked, id=10076, stack(0x00000000210f0000,0x00000000211f0000)]
  0x00000000241a9000 JavaThread "DefaultQuartzScheduler_Worker-4" [_thread_blocked, id=10840, stack(0x000000001ff30000,0x0000000020030000)]
  0x00000000241a8800 JavaThread "DefaultQuartzScheduler_Worker-3" [_thread_blocked, id=4176, stack(0x0000000020e80000,0x0000000020f80000)]
  0x00000000241a7800 JavaThread "DefaultQuartzScheduler_Worker-2" [_thread_in_native, id=10900, stack(0x0000000020570000,0x0000000020670000)]
=>0x00000000241a7000 JavaThread "DefaultQuartzScheduler_Worker-1" [_thread_in_native, id=8896, stack(0x0000000020ca0000,0x0000000020da0000)]
  0x00000000240b3000 JavaThread "AWT-Windows" daemon [_thread_in_native, id=10904, stack(0x00000000206c0000,0x00000000207c0000)]
  0x00000000240b0000 JavaThread "Java2D Disposer" daemon [_thread_blocked, id=7012, stack(0x00000000202d0000,0x00000000203d0000)]
  0x000000001f75b800 JavaThread "Thread-4" [_thread_in_native, id=10344, stack(0x0000000025990000,0x0000000025a90000)]
  0x000000001f592800 JavaThread "Prism Font Disposer" daemon [_thread_blocked, id=8700, stack(0x0000000023ca0000,0x0000000023da0000)]
  0x000000001f381000 JavaThread "Thread-2" daemon [_thread_in_native, id=10296, stack(0x0000000021d50000,0x0000000021e50000)]
  0x000000001f293800 JavaThread "Thread-1" daemon [_thread_blocked, id=10960, stack(0x000000001fe10000,0x000000001ff10000)]
  0x000000001d4bf000 JavaThread "Service Thread" daemon [_thread_blocked, id=11064, stack(0x000000001e840000,0x000000001e940000)]
  0x000000001d43b000 JavaThread "C1 CompilerThread3" daemon [_thread_blocked, id=10496, stack(0x000000001ed60000,0x000000001ee60000)]
  0x000000001d439000 JavaThread "C2 CompilerThread2" daemon [_thread_blocked, id=2276, stack(0x000000001ee90000,0x000000001ef90000)]
  0x000000001d434000 JavaThread "C2 CompilerThread1" daemon [_thread_blocked, id=8172, stack(0x000000001ec50000,0x000000001ed50000)]
  0x000000001d42d000 JavaThread "C2 CompilerThread0" daemon [_thread_blocked, id=7772, stack(0x000000001ea80000,0x000000001eb80000)]
  0x000000001d429800 JavaThread "Attach Listener" daemon [_thread_blocked, id=8420, stack(0x000000001e4a0000,0x000000001e5a0000)]
  0x000000001d428800 JavaThread "Signal Dispatcher" daemon [_thread_blocked, id=8528, stack(0x000000001e950000,0x000000001ea50000)]
  0x000000001c373800 JavaThread "Finalizer" daemon [_thread_blocked, id=7336, stack(0x000000001e730000,0x000000001e830000)]
  0x000000001c36c800 JavaThread "Reference Handler" daemon [_thread_blocked, id=5620, stack(0x000000001e5f0000,0x000000001e6f0000)]

Other Threads:
  0x000000001d3d3000 VMThread [stack: 0x000000001e3a0000,0x000000001e4a0000] [id=1040]
  0x000000001d47f800 WatcherThread [stack: 0x000000001f080000,0x000000001f180000] [id=8884]

VM state:not at safepoint (normal execution)

VM Mutex/Monitor currently owned by a thread: None

heap address: 0x00000006c7000000, size: 3984 MB, Compressed Oops mode: Zero based, Oop shift amount: 3
Narrow klass base: 0x0000000000000000, Narrow klass shift: 3
Compressed class space size: 1073741824 Address: 0x00000007c0000000

Heap:
 PSYoungGen      total 74752K, used 12511K [0x000000076d000000, 0x0000000772300000, 0x00000007c0000000)
  eden space 64512K, 19% used [0x000000076d000000,0x000000076dc37d80,0x0000000770f00000)
  from space 10240K, 0% used [0x0000000770f00000,0x0000000770f00000,0x0000000771900000)
  to   space 10240K, 0% used [0x0000000771900000,0x0000000771900000,0x0000000772300000)
 ParOldGen       total 77824K, used 10575K [0x00000006c7000000, 0x00000006cbc00000, 0x000000076d000000)
  object space 77824K, 13% used [0x00000006c7000000,0x00000006c7a53e20,0x00000006cbc00000)
 Metaspace       used 24882K, capacity 25924K, committed 26112K, reserved 1071104K
  class space    used 3576K, capacity 3809K, committed 3840K, reserved 1048576K

Card table byte_map: [0x0000000011b10000,0x00000000122e0000] byte_map_base: 0x000000000e4d8000

Marking Bits: (ParMarkBitMap*) 0x000000006ad14ce0
 Begin Bits: [0x0000000013530000, 0x0000000017370000)
 End Bits:   [0x0000000017370000, 0x000000001b1b0000)

Polling page: 0x0000000000230000

CodeCache: size=245760Kb used=6183Kb max_used=6183Kb free=239576Kb
 bounds [0x0000000002750000, 0x0000000002d60000, 0x0000000011750000]
 total_blobs=2730 nmethods=1969 adapters=673
 compilation: enabled

Compilation events (10 events):
Event: 9.117 Thread 0x000000001d43b000 1965   !   3       java.util.zip.ZipFile::releaseInflater (41 bytes)
Event: 9.118 Thread 0x000000001d43b000 nmethod 1965 0x0000000002d5af50 code [0x0000000002d5b100, 0x0000000002d5b818]
Event: 9.121 Thread 0x000000001d43b000 1967       3       sun.nio.cs.UTF_8::access$200 (8 bytes)
Event: 9.121 Thread 0x000000001d43b000 nmethod 1967 0x0000000002d5bb10 code [0x0000000002d5bca0, 0x0000000002d5c138]
Event: 9.121 Thread 0x000000001d43b000 1966       3       java.nio.CharBuffer::<init> (22 bytes)
Event: 9.122 Thread 0x000000001d43b000 nmethod 1966 0x0000000002d5c350 code [0x0000000002d5c4c0, 0x0000000002d5c688]
Event: 69.104 Thread 0x000000001d43b000 1968       3       java.util.Calendar::internalGet (7 bytes)
Event: 69.104 Thread 0x000000001d43b000 nmethod 1968 0x0000000002d5c750 code [0x0000000002d5c8a0, 0x0000000002d5ca10]
Event: 69.104 Thread 0x000000001d43b000 1969       3       java.util.TreeMap::compare (32 bytes)
Event: 69.105 Thread 0x000000001d43b000 nmethod 1969 0x0000000002d5cb10 code [0x0000000002d5cca0, 0x0000000002d5d0d8]

GC Heap History (4 events):
Event: 3.990 GC heap before
{Heap before GC invocations=1 (full 0):
 PSYoungGen      total 74752K, used 53376K [0x000000076d000000, 0x0000000772300000, 0x00000007c0000000)
  eden space 64512K, 82% used [0x000000076d000000,0x0000000770420130,0x0000000770f00000)
  from space 10240K, 0% used [0x0000000771900000,0x0000000771900000,0x0000000772300000)
  to   space 10240K, 0% used [0x0000000770f00000,0x0000000770f00000,0x0000000771900000)
 ParOldGen       total 171008K, used 0K [0x00000006c7000000, 0x00000006d1700000, 0x000000076d000000)
  object space 171008K, 0% used [0x00000006c7000000,0x00000006c7000000,0x00000006d1700000)
 Metaspace       used 20209K, capacity 21182K, committed 21296K, reserved 1067008K
  class space    used 2904K, capacity 3124K, committed 3200K, reserved 1048576K
Event: 4.000 GC heap after
Heap after GC invocations=1 (full 0):
 PSYoungGen      total 74752K, used 10237K [0x000000076d000000, 0x0000000772300000, 0x00000007c0000000)
  eden space 64512K, 0% used [0x000000076d000000,0x000000076d000000,0x0000000770f00000)
  from space 10240K, 99% used [0x0000000770f00000,0x00000007718ff510,0x0000000771900000)
  to   space 10240K, 0% used [0x0000000771900000,0x0000000771900000,0x0000000772300000)
 ParOldGen       total 171008K, used 2612K [0x00000006c7000000, 0x00000006d1700000, 0x000000076d000000)
  object space 171008K, 1% used [0x00000006c7000000,0x00000006c728d320,0x00000006d1700000)
 Metaspace       used 20209K, capacity 21182K, committed 21296K, reserved 1067008K
  class space    used 2904K, capacity 3124K, committed 3200K, reserved 1048576K
}
Event: 4.000 GC heap before
{Heap before GC invocations=2 (full 1):
 PSYoungGen      total 74752K, used 10237K [0x000000076d000000, 0x0000000772300000, 0x00000007c0000000)
  eden space 64512K, 0% used [0x000000076d000000,0x000000076d000000,0x0000000770f00000)
  from space 10240K, 99% used [0x0000000770f00000,0x00000007718ff510,0x0000000771900000)
  to   space 10240K, 0% used [0x0000000771900000,0x0000000771900000,0x0000000772300000)
 ParOldGen       total 171008K, used 2612K [0x00000006c7000000, 0x00000006d1700000, 0x000000076d000000)
  object space 171008K, 1% used [0x00000006c7000000,0x00000006c728d320,0x00000006d1700000)
 Metaspace       used 20209K, capacity 21182K, committed 21296K, reserved 1067008K
  class space    used 2904K, capacity 3124K, committed 3200K, reserved 1048576K
Event: 4.028 GC heap after
Heap after GC invocations=2 (full 1):
 PSYoungGen      total 74752K, used 0K [0x000000076d000000, 0x0000000772300000, 0x00000007c0000000)
  eden space 64512K, 0% used [0x000000076d000000,0x000000076d000000,0x0000000770f00000)
  from space 10240K, 0% used [0x0000000770f00000,0x0000000770f00000,0x0000000771900000)
  to   space 10240K, 0% used [0x0000000771900000,0x0000000771900000,0x0000000772300000)
 ParOldGen       total 77824K, used 10575K [0x00000006c7000000, 0x00000006cbc00000, 0x000000076d000000)
  object space 77824K, 13% used [0x00000006c7000000,0x00000006c7a53e20,0x00000006cbc00000)
 Metaspace       used 20209K, capacity 21182K, committed 21296K, reserved 1067008K
  class space    used 2904K, capacity 3124K, committed 3200K, reserved 1048576K
}

Deoptimization events (10 events):
Event: 1.215 Thread 0x000000001f297000 Uncommon trap: reason=unstable_if action=reinterpret pc=0x0000000002b2b96c method=com.sun.javafx.iio.png.PNGImageLoader2.decodePalette([BLcom/sun/javafx/iio/ImageMetadata;)Lcom/sun/javafx/iio/ImageFrame; @ 155
Event: 1.237 Thread 0x000000001f297000 Uncommon trap: reason=class_check action=maybe_recompile pc=0x0000000002b4ddbc method=java.util.HashMap.putVal(ILjava/lang/Object;Ljava/lang/Object;ZZ)Ljava/lang/Object; @ 203
Event: 1.245 Thread 0x000000001f297000 Uncommon trap: reason=class_check action=maybe_recompile pc=0x0000000002b4ddbc method=java.util.HashMap.putVal(ILjava/lang/Object;Ljava/lang/Object;ZZ)Ljava/lang/Object; @ 203
Event: 1.245 Thread 0x000000001f297000 Uncommon trap: reason=class_check action=maybe_recompile pc=0x0000000002b4ddbc method=java.util.HashMap.putVal(ILjava/lang/Object;Ljava/lang/Object;ZZ)Ljava/lang/Object; @ 203
Event: 1.245 Thread 0x000000001f297000 Uncommon trap: reason=class_check action=maybe_recompile pc=0x0000000002b4ddbc method=java.util.HashMap.putVal(ILjava/lang/Object;Ljava/lang/Object;ZZ)Ljava/lang/Object; @ 203
Event: 3.405 Thread 0x000000001f297000 Uncommon trap: reason=unstable_if action=reinterpret pc=0x0000000002cba5c4 method=com.sun.javafx.css.SimpleSelector.stateMatches(Ljavafx/css/Styleable;Ljava/util/Set;)Z @ 1
Event: 4.029 Thread 0x0000000002258000 Uncommon trap: reason=class_check action=maybe_recompile pc=0x0000000002c54320 method=java.util.concurrent.ConcurrentHashMap.putVal(Ljava/lang/Object;Ljava/lang/Object;Z)Ljava/lang/Object; @ 192
Event: 4.031 Thread 0x000000001c373800 Uncommon trap: reason=unstable_if action=reinterpret pc=0x0000000002c44f1c method=java.lang.ref.ReferenceQueue.poll()Ljava/lang/ref/Reference; @ 4
Event: 4.145 Thread 0x0000000002258000 Uncommon trap: reason=unstable_if action=reinterpret pc=0x00000000029715f8 method=java.lang.AbstractStringBuilder.append(Ljava/lang/String;)Ljava/lang/AbstractStringBuilder; @ 1
Event: 5.210 Thread 0x00000000241af000 Uncommon trap: reason=predicate action=maybe_recompile pc=0x0000000002bf7bf8 method=sun.net.www.ParseUtil.encodePath(Ljava/lang/String;Z)Ljava/lang/String; @ 36

Classes redefined (0 events):
No events

Internal exceptions (10 events):
Event: 4.113 Thread 0x0000000002258000 Exception <a 'java/io/FileNotFoundException'> (0x000000076d4a8750) thrown at [C:\re\workspace\8-2-build-windows-amd64-cygwin\jdk8u201\12322\hotspot\src\share\vm\prims\jni.cpp, line 709]
Event: 4.145 Thread 0x0000000002258000 Implicit null exception at 0x0000000002971214 to 0x00000000029715e1
Event: 4.153 Thread 0x0000000002258000 Exception <a 'java/lang/ClassNotFoundException': org/quartz/simpl/SimpleThreadPoolBeanInfo> (0x000000076d6c1258) thrown at [C:\re\workspace\8-2-build-windows-amd64-cygwin\jdk8u201\12322\hotspot\src\share\vm\classfile\systemDictionary.cpp, line 210]
Event: 4.153 Thread 0x0000000002258000 Exception <a 'java/lang/ClassNotFoundException': java/lang/ObjectBeanInfo> (0x000000076d6c4ad8) thrown at [C:\re\workspace\8-2-build-windows-amd64-cygwin\jdk8u201\12322\hotspot\src\share\vm\classfile\systemDictionary.cpp, line 210]
Event: 4.153 Thread 0x0000000002258000 Exception <a 'java/lang/ClassNotFoundException': java/lang/ObjectCustomizer> (0x000000076d6c8258) thrown at [C:\re\workspace\8-2-build-windows-amd64-cygwin\jdk8u201\12322\hotspot\src\share\vm\classfile\systemDictionary.cpp, line 210]
Event: 4.154 Thread 0x0000000002258000 Exception <a 'java/lang/ArrayIndexOutOfBoundsException'> (0x000000076d6cbf18) thrown at [C:\re\workspace\8-2-build-windows-amd64-cygwin\jdk8u201\12322\hotspot\src\share\vm\runtime\sharedRuntime.cpp, line 605]
Event: 4.155 Thread 0x0000000002258000 Exception <a 'java/lang/ArrayIndexOutOfBoundsException'> (0x000000076d6cdf60) thrown at [C:\re\workspace\8-2-build-windows-amd64-cygwin\jdk8u201\12322\hotspot\src\share\vm\runtime\sharedRuntime.cpp, line 605]
Event: 4.156 Thread 0x0000000002258000 Exception <a 'java/lang/ClassNotFoundException': org/quartz/simpl/SimpleThreadPoolCustomizer> (0x000000076d6d9490) thrown at [C:\re\workspace\8-2-build-windows-amd64-cygwin\jdk8u201\12322\hotspot\src\share\vm\classfile\systemDictionary.cpp, line 210]
Event: 4.162 Thread 0x0000000002258000 Exception <a 'java/lang/ClassNotFoundException': org/quartz/simpl/RAMJobStoreBeanInfo> (0x000000076d74b578) thrown at [C:\re\workspace\8-2-build-windows-amd64-cygwin\jdk8u201\12322\hotspot\src\share\vm\classfile\systemDictionary.cpp, line 210]
Event: 4.162 Thread 0x0000000002258000 Exception <a 'java/lang/ClassNotFoundException': org/quartz/simpl/RAMJobStoreCustomizer> (0x000000076d753b08) thrown at [C:\re\workspace\8-2-build-windows-amd64-cygwin\jdk8u201\12322\hotspot\src\share\vm\classfile\systemDictionary.cpp, line 210]

Events (10 events):
Event: 9.120 Executing VM operation: RevokeBias
Event: 9.120 Executing VM operation: RevokeBias done
Event: 9.120 Executing VM operation: RevokeBias
Event: 9.120 Executing VM operation: RevokeBias done
Event: 69.105 Executing VM operation: RevokeBias
Event: 69.105 Executing VM operation: RevokeBias done
Event: 69.105 Executing VM operation: RevokeBias
Event: 69.105 Executing VM operation: RevokeBias done
Event: 69.105 Executing VM operation: RevokeBias
Event: 69.105 Executing VM operation: RevokeBias done


Dynamic libraries:
0x000000013fec0000 - 0x000000013fef7000 	C:\Program Files\Java\jdk1.8.0_201\jre\bin\java.exe
0x0000000077210000 - 0x00000000773af000 	C:\Windows\SYSTEM32\ntdll.dll
0x0000000076ff0000 - 0x000000007710f000 	C:\Windows\system32\kernel32.dll
0x000007fefd320000 - 0x000007fefd38a000 	C:\Windows\system32\KERNELBASE.dll
0x000007fefe670000 - 0x000007fefe74b000 	C:\Windows\system32\ADVAPI32.dll
0x000007fefd800000 - 0x000007fefd89f000 	C:\Windows\system32\msvcrt.dll
0x000007fefe750000 - 0x000007fefe76f000 	C:\Windows\SYSTEM32\sechost.dll
0x000007fefdf40000 - 0x000007fefe06d000 	C:\Windows\system32\RPCRT4.dll
0x0000000077110000 - 0x000000007720a000 	C:\Windows\system32\USER32.dll
0x000007fefd970000 - 0x000007fefd9d7000 	C:\Windows\system32\GDI32.dll
0x000007fefd7a0000 - 0x000007fefd7ae000 	C:\Windows\system32\LPK.dll
0x000007fefd8a0000 - 0x000007fefd96b000 	C:\Windows\system32\USP10.dll
0x000007fefc060000 - 0x000007fefc254000 	C:\Windows\WinSxS\amd64_microsoft.windows.common-controls_6595b64144ccf1df_6.0.7601.18837_none_fa3b1e3d17594757\COMCTL32.dll
0x000007fefdb20000 - 0x000007fefdb91000 	C:\Windows\system32\SHLWAPI.dll
0x000007fefd660000 - 0x000007fefd68e000 	C:\Windows\system32\IMM32.DLL
0x000007fefd690000 - 0x000007fefd799000 	C:\Windows\system32\MSCTF.dll
0x000007fefcf80000 - 0x000007fefcfb0000 	C:\Windows\system32\nvinitx.dll
0x000007fefcf70000 - 0x000007fefcf7c000 	C:\Windows\system32\VERSION.dll
0x0000000074cb0000 - 0x0000000074cb6000 	C:\Program Files\NVIDIA Corporation\CoProcManager\detoured.dll
0x000007fef9f20000 - 0x000007fef9f58000 	C:\Program Files\NVIDIA Corporation\CoProcManager\nvd3d9wrapx.dll
0x000007fefd3e0000 - 0x000007fefd5b7000 	C:\Windows\system32\SETUPAPI.dll
0x000007fefd3a0000 - 0x000007fefd3d6000 	C:\Windows\system32\CFGMGR32.dll
0x000007fefda40000 - 0x000007fefdb1a000 	C:\Windows\system32\OLEAUT32.dll
0x000007fefe470000 - 0x000007fefe66f000 	C:\Windows\system32\ole32.dll
0x000007fefd2e0000 - 0x000007fefd2fa000 	C:\Windows\system32\DEVOBJ.dll
0x000007fef9ef0000 - 0x000007fef9f14000 	C:\Program Files\NVIDIA Corporation\CoProcManager\nvdxgiwrapx.dll
0x000000006d7e0000 - 0x000000006d8b1000 	C:\Program Files\Java\jdk1.8.0_201\jre\bin\msvcr100.dll
0x000000006a4f0000 - 0x000000006ad94000 	C:\Program Files\Java\jdk1.8.0_201\jre\bin\server\jvm.dll
0x000007fef6850000 - 0x000007fef6859000 	C:\Windows\system32\WSOCK32.dll
0x000007fefd7b0000 - 0x000007fefd7fd000 	C:\Windows\system32\WS2_32.dll
0x000007fefe460000 - 0x000007fefe468000 	C:\Windows\system32\NSI.dll
0x000007fefa9f0000 - 0x000007fefaa2b000 	C:\Windows\system32\WINMM.dll
0x00000000773c0000 - 0x00000000773c7000 	C:\Windows\system32\PSAPI.DLL
0x000007fef4810000 - 0x000007fef481f000 	C:\Program Files\Java\jdk1.8.0_201\jre\bin\verify.dll
0x000007fee6dd0000 - 0x000007fee6df9000 	C:\Program Files\Java\jdk1.8.0_201\jre\bin\java.dll
0x000007fef1dd0000 - 0x000007fef1de6000 	C:\Program Files\Java\jdk1.8.0_201\jre\bin\zip.dll
0x000007fefe770000 - 0x000007feff4fa000 	C:\Windows\system32\SHELL32.dll
0x000007fefcfb0000 - 0x000007fefcfbf000 	C:\Windows\system32\profapi.dll
0x000007fefa710000 - 0x000007fefa713000 	C:\Program Files\Java\jdk1.8.0_201\jre\bin\api-ms-win-core-console-l1-1-0.dll
0x000007fefa4f0000 - 0x000007fefa4f3000 	C:\Program Files\Java\jdk1.8.0_201\jre\bin\api-ms-win-core-datetime-l1-1-0.dll
0x000007fef5380000 - 0x000007fef5383000 	C:\Program Files\Java\jdk1.8.0_201\jre\bin\api-ms-win-core-debug-l1-1-0.dll
0x000007fef5390000 - 0x000007fef5393000 	C:\Program Files\Java\jdk1.8.0_201\jre\bin\api-ms-win-core-errorhandling-l1-1-0.dll
0x000007fef45c0000 - 0x000007fef45c4000 	C:\Program Files\Java\jdk1.8.0_201\jre\bin\api-ms-win-core-file-l1-1-0.dll
0x000007fef1e50000 - 0x000007fef1e53000 	C:\Program Files\Java\jdk1.8.0_201\jre\bin\api-ms-win-core-file-l1-2-0.dll
0x000007fef1e40000 - 0x000007fef1e43000 	C:\Program Files\Java\jdk1.8.0_201\jre\bin\api-ms-win-core-file-l2-1-0.dll
0x000007fef1e20000 - 0x000007fef1e23000 	C:\Program Files\Java\jdk1.8.0_201\jre\bin\api-ms-win-core-handle-l1-1-0.dll
0x000007fef1e30000 - 0x000007fef1e33000 	C:\Program Files\Java\jdk1.8.0_201\jre\bin\api-ms-win-core-heap-l1-1-0.dll
0x000007fef1dc0000 - 0x000007fef1dc3000 	C:\Program Files\Java\jdk1.8.0_201\jre\bin\api-ms-win-core-interlocked-l1-1-0.dll
0x000007fef1e10000 - 0x000007fef1e13000 	C:\Program Files\Java\jdk1.8.0_201\jre\bin\api-ms-win-core-libraryloader-l1-1-0.dll
0x000007feeb600000 - 0x000007feeb603000 	C:\Program Files\Java\jdk1.8.0_201\jre\bin\api-ms-win-core-localization-l1-2-0.dll
0x000007fef1ad0000 - 0x000007fef1ad3000 	C:\Program Files\Java\jdk1.8.0_201\jre\bin\api-ms-win-core-memory-l1-1-0.dll
0x000007feeb220000 - 0x000007feeb223000 	C:\Program Files\Java\jdk1.8.0_201\jre\bin\api-ms-win-core-namedpipe-l1-1-0.dll
0x000007feeb5f0000 - 0x000007feeb5f3000 	C:\Program Files\Java\jdk1.8.0_201\jre\bin\api-ms-win-core-processenvironment-l1-1-0.dll
0x000007fee6d70000 - 0x000007fee6d73000 	C:\Program Files\Java\jdk1.8.0_201\jre\bin\api-ms-win-core-processthreads-l1-1-0.dll
0x000007fee84d0000 - 0x000007fee84d3000 	C:\Program Files\Java\jdk1.8.0_201\jre\bin\api-ms-win-core-processthreads-l1-1-1.dll
0x000007fee6690000 - 0x000007fee6693000 	C:\Program Files\Java\jdk1.8.0_201\jre\bin\api-ms-win-core-profile-l1-1-0.dll
0x000007fee6d60000 - 0x000007fee6d63000 	C:\Program Files\Java\jdk1.8.0_201\jre\bin\api-ms-win-core-rtlsupport-l1-1-0.dll
0x000007fee6670000 - 0x000007fee6673000 	C:\Program Files\Java\jdk1.8.0_201\jre\bin\api-ms-win-core-string-l1-1-0.dll
0x000007fee6680000 - 0x000007fee6683000 	C:\Program Files\Java\jdk1.8.0_201\jre\bin\api-ms-win-core-synch-l1-1-0.dll
0x000007fee6650000 - 0x000007fee6653000 	C:\Program Files\Java\jdk1.8.0_201\jre\bin\api-ms-win-core-synch-l1-2-0.dll
0x000007fee6660000 - 0x000007fee6663000 	C:\Program Files\Java\jdk1.8.0_201\jre\bin\api-ms-win-core-sysinfo-l1-1-0.dll
0x000007fee6630000 - 0x000007fee6633000 	C:\Program Files\Java\jdk1.8.0_201\jre\bin\api-ms-win-core-timezone-l1-1-0.dll
0x000007fee6640000 - 0x000007fee6643000 	C:\Program Files\Java\jdk1.8.0_201\jre\bin\api-ms-win-core-util-l1-1-0.dll
0x000007fee6610000 - 0x000007fee6613000 	C:\Program Files\Java\jdk1.8.0_201\jre\bin\api-ms-win-crt-conio-l1-1-0.dll
0x000007fee6620000 - 0x000007fee6624000 	C:\Program Files\Java\jdk1.8.0_201\jre\bin\api-ms-win-crt-convert-l1-1-0.dll
0x000007fee65f0000 - 0x000007fee65f3000 	C:\Program Files\Java\jdk1.8.0_201\jre\bin\api-ms-win-crt-environment-l1-1-0.dll
0x000007fee6600000 - 0x000007fee6603000 	C:\Program Files\Java\jdk1.8.0_201\jre\bin\api-ms-win-crt-filesystem-l1-1-0.dll
0x000007fee65d0000 - 0x000007fee65d3000 	C:\Program Files\Java\jdk1.8.0_201\jre\bin\api-ms-win-crt-heap-l1-1-0.dll
0x000007fee65e0000 - 0x000007fee65e3000 	C:\Program Files\Java\jdk1.8.0_201\jre\bin\api-ms-win-crt-locale-l1-1-0.dll
0x000007fee65b0000 - 0x000007fee65b5000 	C:\Program Files\Java\jdk1.8.0_201\jre\bin\api-ms-win-crt-math-l1-1-0.dll
0x000007fee65c0000 - 0x000007fee65c5000 	C:\Program Files\Java\jdk1.8.0_201\jre\bin\api-ms-win-crt-multibyte-l1-1-0.dll
0x000007fee6590000 - 0x000007fee65a0000 	C:\Program Files\Java\jdk1.8.0_201\jre\bin\api-ms-win-crt-private-l1-1-0.dll
0x000007fee65a0000 - 0x000007fee65a3000 	C:\Program Files\Java\jdk1.8.0_201\jre\bin\api-ms-win-crt-process-l1-1-0.dll
0x000007fee6570000 - 0x000007fee6574000 	C:\Program Files\Java\jdk1.8.0_201\jre\bin\api-ms-win-crt-runtime-l1-1-0.dll
0x000007fee6580000 - 0x000007fee6584000 	C:\Program Files\Java\jdk1.8.0_201\jre\bin\api-ms-win-crt-stdio-l1-1-0.dll
0x000007fee6550000 - 0x000007fee6554000 	C:\Program Files\Java\jdk1.8.0_201\jre\bin\api-ms-win-crt-string-l1-1-0.dll
0x000007fee6560000 - 0x000007fee6563000 	C:\Program Files\Java\jdk1.8.0_201\jre\bin\api-ms-win-crt-time-l1-1-0.dll
0x000007fee6530000 - 0x000007fee6533000 	C:\Program Files\Java\jdk1.8.0_201\jre\bin\api-ms-win-crt-utility-l1-1-0.dll
0x000007fee6430000 - 0x000007fee6526000 	C:\Program Files\Java\jdk1.8.0_201\jre\bin\ucrtbase.dll
0x000007fee6410000 - 0x000007fee6426000 	C:\Program Files\Java\jdk1.8.0_201\jre\bin\vcruntime140.dll
0x000007fee6370000 - 0x000007fee640c000 	C:\Program Files\Java\jdk1.8.0_201\jre\bin\msvcp140.dll
0x000007fee6310000 - 0x000007fee6361000 	C:\Program Files\Java\jdk1.8.0_201\jre\bin\concrt140.dll
0x000007fee62e0000 - 0x000007fee6303000 	C:\Program Files\Java\jdk1.8.0_201\jre\bin\prism_d3d.dll
0x000007fef9a20000 - 0x000007fef9c1f000 	C:\Windows\system32\d3d9.dll
0x000007fef9920000 - 0x000007fef9927000 	C:\Windows\system32\d3d8thk.dll
0x000007fefa880000 - 0x000007fefa898000 	C:\Windows\system32\dwmapi.dll
0x000007fefd060000 - 0x000007fefd09b000 	C:\Windows\system32\WINTRUST.dll
0x000007fefd0a0000 - 0x000007fefd20d000 	C:\Windows\system32\CRYPT32.dll
0x000007fefd050000 - 0x000007fefd05f000 	C:\Windows\system32\MSASN1.dll
0x000007fefae80000 - 0x000007fefaed6000 	C:\Windows\system32\uxtheme.dll
0x000007fef92c0000 - 0x000007fef9342000 	C:\Windows\system32\nvumdshimx.dll
0x000007fee6290000 - 0x000007fee62d9000 	C:\Program Files\Java\jdk1.8.0_201\jre\bin\glass.dll
0x000007fefe3c0000 - 0x000007fefe457000 	C:\Windows\system32\COMDLG32.dll
0x000007fee9d20000 - 0x000007fee9f35000 	C:\Program Files\NVIDIA Corporation\nview\nViewH64.dll
0x000007fefb910000 - 0x000007fefb93d000 	C:\Windows\system32\ntmarta.dll
0x000007fefd9e0000 - 0x000007fefda32000 	C:\Windows\system32\WLDAP32.dll
0x000007fefcea0000 - 0x000007fefceaf000 	C:\Windows\system32\CRYPTBASE.dll
0x000007fee6270000 - 0x000007fee6284000 	C:\Program Files\Java\jdk1.8.0_201\jre\bin\javafx_font.dll
0x000007fee1960000 - 0x000007fee1af6000 	C:\Windows\system32\dwrite.dll
0x000007fefe070000 - 0x000007fefe109000 	C:\Windows\system32\CLBCatQ.DLL
0x000007fefa590000 - 0x000007fefa6f1000 	C:\Windows\system32\WindowsCodecs.dll
0x000007fefce40000 - 0x000007fefce97000 	C:\Windows\system32\apphelp.dll
0x000007fef28e0000 - 0x000007fef28e9000 	C:\Program Files (x86)\Internet Download Manager\IDMShellExt64.dll
0x000007fef28a0000 - 0x000007fef28d5000 	C:\Windows\system32\EhStorShell.dll
0x000007fefb6e0000 - 0x000007fefb80c000 	C:\Windows\system32\PROPSYS.dll
0x000007fef2350000 - 0x000007fef23ce000 	C:\Windows\System32\cscui.dll
0x000007fef22e0000 - 0x000007fef22ec000 	C:\Windows\System32\CSCDLL.dll
0x000007fef22d0000 - 0x000007fef22df000 	C:\Windows\system32\CSCAPI.dll
0x000007fef2250000 - 0x000007fef22d0000 	C:\Windows\system32\ntshrui.dll
0x000007fefca40000 - 0x000007fefca63000 	C:\Windows\system32\srvcli.dll
0x000007fefab30000 - 0x000007fefab3b000 	C:\Windows\system32\slc.dll
0x000007fee6220000 - 0x000007fee6232000 	C:\Program Files\Java\jdk1.8.0_201\jre\bin\prism_common.dll
0x0000000180000000 - 0x000000018003b000 	C:\Program Files\Java\jdk1.8.0_201\jre\bin\jacob-1.17-M2-x64.dll
0x000000001ef90000 - 0x000000001f061000 	C:\Windows\system32\zkemkeeper.dll
0x00000000130c0000 - 0x00000000130e3000 	C:\Windows\system32\plcommpro.dll
0x000000001e320000 - 0x000000001e361000 	C:\Windows\system32\zkemsdk.dll
0x00000000130f0000 - 0x0000000013107000 	C:\Windows\system32\commpro.dll
0x000007fefceb0000 - 0x000007fefcf41000 	C:\Windows\system32\SXS.DLL
0x000007fefc780000 - 0x000007fefc7d5000 	C:\Windows\system32\mswsock.dll
0x000007fefbba0000 - 0x000007fefbba7000 	C:\Windows\System32\wshtcpip.dll
0x000007fefb020000 - 0x000007fefb035000 	C:\Windows\system32\NLAapi.dll
0x000007fef4a10000 - 0x000007fef4a25000 	C:\Windows\system32\napinsp.dll
0x000007fef49e0000 - 0x000007fef49f9000 	C:\Windows\system32\pnrpnsp.dll
0x000007fefc600000 - 0x000007fefc65b000 	C:\Windows\system32\DNSAPI.dll
0x000007fef4820000 - 0x000007fef482b000 	C:\Windows\System32\winrnr.dll
0x000007fef45b0000 - 0x000007fef45c0000 	C:\Windows\system32\wshbth.dll
0x000007fef8b50000 - 0x000007fef8ba3000 	C:\Windows\System32\fwpuclnt.dll
0x000007fef4a80000 - 0x000007fef4a88000 	C:\Windows\system32\rasadhlp.dll

VM Arguments:
jvm_args: -Dfile.encoding=UTF-8 
java_command: D:\Projects\GenioBITS Gym Software\dist\run1619082694\Drapo Dashboard.jar
java_class_path (initial): D:\Projects\GenioBITS Gym Software\dist\run1619082694\Drapo Dashboard.jar
Launcher Type: SUN_STANDARD

Environment Variables:
PATH=C:\Program Files (x86)\Common Files\Oracle\Java\javapath;C:\Windows\system32;C:\Windows;C:\Windows\System32\Wbem;C:\Windows\System32\WindowsPowerShell\v1.0\;C:\Program Files\Intel\WiFi\bin\;C:\Program Files\Common Files\Intel\WirelessCommon\;C:\Program Files\ThinkPad\Bluetooth Software\;C:\Program Files\ThinkPad\Bluetooth Software\syswow64;C:\Program Files\nodejs\;C:\Program Files\dotnet\;C:\Users\DESTINY\AppData\Local\Programs\Python\Python37\Scripts\;C:\Users\DESTINY\AppData\Local\Programs\Python\Python37\;C:\Program Files\Intel\WiFi\bin\;C:\Program Files\Common Files\Intel\WirelessCommon\;C:\Program Files\heroku\bin;C:\Users\DESTINY\AppData\Local\Programs\Microsoft VS Code\bin;C:\Users\DESTINY\AppData\Roaming\npm;C:\Program Files (x86)\Nmap;C:\Program Files\JetBrains\PyCharm Community Edition 2019.1.3\bin;
USERNAME=DESTINY
OS=Windows_NT
PROCESSOR_IDENTIFIER=Intel64 Family 6 Model 58 Stepping 9, GenuineIntel



---------------  S Y S T E M  ---------------

OS: Windows 7 , 64 bit Build 7601 (6.1.7601.24354)

CPU:total 8 (initial active 8) (4 cores per cpu, 2 threads per core) family 6 model 58 stepping 9, cmov, cx8, fxsr, mmx, sse, sse2, sse3, ssse3, sse4.1, sse4.2, popcnt, avx, aes, clmul, erms, ht, tsc, tscinvbit, tscinv

Memory: 4k page, physical 16314376k(9665400k free), swap 32626848k(25410632k free)

vm_info: Java HotSpot(TM) 64-Bit Server VM (25.201-b09) for windows-amd64 JRE (1.8.0_201-b09), built on Dec 15 2018 18:36:39 by "java_re" with MS VC++ 10.0 (VS2010)

time: Wed Jun 26 23:35:21 2019
timezone: India Standard Time
elapsed time: 90 seconds (0d 0h 1m 30s)

