#
# A fatal error has been detected by the Java Runtime Environment:
#
#  EXCEPTION_ACCESS_VIOLATION (0xc0000005) at pc=0x000000002235b440, pid=9444, tid=0x00000000000019bc
#
# JRE version: Java(TM) SE Runtime Environment (8.0_201-b09) (build 1.8.0_201-b09)
# Java VM: Java HotSpot(TM) 64-Bit Server VM (25.201-b09 mixed mode windows-amd64 compressed oops)
# Problematic frame:
# C  0x000000002235b440
#
# Failed to write core dump. Minidumps are not enabled by default on client versions of Windows
#
# If you would like to submit a bug report, please visit:
#   http://bugreport.java.com/bugreport/crash.jsp
# The crash happened outside the Java Virtual Machine in native code.
# See problematic frame for where to report the bug.
#

---------------  T H R E A D  ---------------

Current thread (0x000000001fa29000):  JavaThread "Thread-4" [_thread_in_native, id=6588, stack(0x00000000265f0000,0x00000000266f0000)]

siginfo: ExceptionCode=0xc0000005, writing address 0x0000000000000000

Registers:
RAX=0x0000000000000000, RBX=0x00000000264676f0, RCX=0x7d4332878f420000, RDX=0x0000000000000000
RSP=0x00000000266ee310, RBP=0x00000000266ee360, RSI=0x00000000266ee640, RDI=0x00000000266ee400
R8 =0x000000000000037f, R9 =0xfeeefeeefeeefeee, R10=0x00000000268d0158, R11=0x0000000000052670
R12=0x000000002592da68, R13=0x00000000266ee638, R14=0x000000000000000a, R15=0x00000000266ee640
RIP=0x000000002235b440, EFLAGS=0x0000000000010202

Top of Stack: (sp=0x00000000266ee310)
0x00000000266ee310:   00000000266ee340 00000000264676f0
0x00000000266ee320:   00000000266ee640 00000000266ee360
0x00000000266ee330:   0000000000001112 00000000266ee640
0x00000000266ee340:   2e3836312e323931 0000003332322e31
0x00000000266ee350:   00000000259079f0 000007fefe9b1cb1
0x00000000266ee360:   00000000266ee340 000000000000000e
0x00000000266ee370:   00000000263d0000 00000000266ee448
0x00000000266ee380:   6c6f636f746f7270 6170692c5044553d
0x00000000266ee390:   313d737365726464 312e3836312e3239
0x00000000266ee3a0:   726f702c3332322e 742c303733343d74
0x00000000266ee3b0:   343d74756f656d69 737361702c303030
0x00000000266ee3c0:   00000000003d6477 0000000000000000
0x00000000266ee3d0:   0000000000000000 0000000000000000
0x00000000266ee3e0:   0000000000000000 0000000000000000
0x00000000266ee3f0:   0000000000000000 0000000000000000
0x00000000266ee400:   6c6f636f746f7270 6170692c5043543d 

Instructions: (pc=0x000000002235b440)
0x000000002235b420:   40 10 48 83 38 00 75 1b 48 8d 4d 20 ff 15 d6 82
0x000000002235b430:   04 00 48 8b d0 48 8b 85 80 01 00 00 48 8b 40 10
0x000000002235b440:   48 89 10 48 8b 85 80 01 00 00 48 8b 40 10 48 83
0x000000002235b450:   38 00 74 0e b8 01 00 00 00 66 89 85 50 01 00 00 


Register to memory mapping:

RAX=0x0000000000000000 is an unknown value
RBX=0x00000000264676f0 is an unknown value
RCX=0x7d4332878f420000 is an unknown value
RDX=0x0000000000000000 is an unknown value
RSP=0x00000000266ee310 is pointing into the stack for thread: 0x000000001fa29000
RBP=0x00000000266ee360 is pointing into the stack for thread: 0x000000001fa29000
RSI=0x00000000266ee640 is pointing into the stack for thread: 0x000000001fa29000
RDI=0x00000000266ee400 is pointing into the stack for thread: 0x000000001fa29000
R8 =0x000000000000037f is an unknown value
R9 =0xfeeefeeefeeefeee is an unknown value
R10=0x00000000268d0158 is an unknown value
R11=0x0000000000052670 is an unknown value
R12=0x000000002592da68 is an unknown value
R13=0x00000000266ee638 is pointing into the stack for thread: 0x000000001fa29000
R14=0x000000000000000a is an unknown value
R15=0x00000000266ee640 is pointing into the stack for thread: 0x000000001fa29000


Stack: [0x00000000265f0000,0x00000000266f0000],  sp=0x00000000266ee310,  free space=1016k
Native frames: (J=compiled Java code, j=interpreted, Vv=VM code, C=native code)
C  0x000000002235b440
C  0x000000002232de0f
C  [OLEAUT32.dll+0x17d0]
C  [OLEAUT32.dll+0x2452]
C  [OLEAUT32.dll+0x1e32]
C  0x0000000022344549
C  0x00000000223444ab
C  0x00000001800020e9
C  0x0000000002858c67

Java frames: (J=compiled Java code, j=interpreted, Vv=VM code)
j  com.jacob.com.Dispatch.invokev(Lcom/jacob/com/Dispatch;Ljava/lang/String;III[Lcom/jacob/com/Variant;[I)Lcom/jacob/com/Variant;+0
j  com.jacob.com.Dispatch.invokev(Lcom/jacob/com/Dispatch;Ljava/lang/String;I[Lcom/jacob/com/Variant;[I)Lcom/jacob/com/Variant;+14
j  com.jacob.com.Dispatch.callN(Lcom/jacob/com/Dispatch;Ljava/lang/String;[Ljava/lang/Object;)Lcom/jacob/com/Variant;+15
j  com.jacob.com.Dispatch.call(Lcom/jacob/com/Dispatch;Ljava/lang/String;[Ljava/lang/Object;)Lcom/jacob/com/Variant;+7
j  com.jacob.activeX.ActiveXComponent.invoke(Ljava/lang/String;Ljava/lang/String;I)Lcom/jacob/com/Variant;+21
j  uitl.ZkemSDK.connect(Ljava/lang/String;II)Z+7
j  classes.Main.getDataFromMachine()V+369
j  classes.Main$3.run()V+4
j  java.lang.Thread.run()V+11
v  ~StubRoutines::call_stub

---------------  P R O C E S S  ---------------

Java Threads: ( => current thread )
  0x0000000023f63800 JavaThread "Thread-6" [_thread_in_native, id=3252, stack(0x0000000026d90000,0x0000000026e90000)]
=>0x000000001fa29000 JavaThread "Thread-4" [_thread_in_native, id=6588, stack(0x00000000265f0000,0x00000000266f0000)]
  0x000000001f664000 JavaThread "Prism Font Disposer" daemon [_thread_blocked, id=9760, stack(0x00000000226c0000,0x00000000227c0000)]
  0x000000001f4c1800 JavaThread "JavaFX-Launcher" [_thread_blocked, id=8752, stack(0x0000000021da0000,0x0000000021ea0000)]
  0x000000001f416800 JavaThread "Thread-2" daemon [_thread_in_native, id=9220, stack(0x0000000021f20000,0x0000000022020000)]
  0x000000001f347800 JavaThread "JavaFX Application Thread" [_thread_in_native, id=10032, stack(0x0000000020160000,0x0000000020260000)]
  0x000000001f32f000 JavaThread "Thread-1" daemon [_thread_blocked, id=7620, stack(0x000000001fea0000,0x000000001ffa0000)]
  0x000000001f325800 JavaThread "QuantumRenderer-0" daemon [_thread_blocked, id=7752, stack(0x000000001fb80000,0x000000001fc80000)]
  0x000000001d354800 JavaThread "Service Thread" daemon [_thread_blocked, id=6904, stack(0x000000001f1b0000,0x000000001f2b0000)]
  0x000000001d2e3000 JavaThread "C1 CompilerThread3" daemon [_thread_blocked, id=4676, stack(0x000000001f020000,0x000000001f120000)]
  0x000000001d2dd000 JavaThread "C2 CompilerThread2" daemon [_thread_blocked, id=8896, stack(0x000000001ee10000,0x000000001ef10000)]
  0x000000001d2d6800 JavaThread "C2 CompilerThread1" daemon [_thread_blocked, id=6584, stack(0x000000001ebf0000,0x000000001ecf0000)]
  0x000000001c32b800 JavaThread "C2 CompilerThread0" daemon [_thread_blocked, id=6284, stack(0x000000001ea50000,0x000000001eb50000)]
  0x000000001d2cc800 JavaThread "Attach Listener" daemon [_thread_blocked, id=4584, stack(0x000000001e940000,0x000000001ea40000)]
  0x000000001d2cb800 JavaThread "Signal Dispatcher" daemon [_thread_blocked, id=4344, stack(0x000000001e800000,0x000000001e900000)]
  0x000000001c322000 JavaThread "Finalizer" daemon [_thread_blocked, id=9628, stack(0x000000001e6f0000,0x000000001e7f0000)]
  0x000000001c31b000 JavaThread "Reference Handler" daemon [_thread_blocked, id=6088, stack(0x000000001e480000,0x000000001e580000)]
  0x0000000002258000 JavaThread "main" [_thread_blocked, id=7476, stack(0x0000000002470000,0x0000000002570000)]

Other Threads:
  0x000000001c311800 VMThread [stack: 0x000000001e250000,0x000000001e350000] [id=7944]
  0x000000001d391800 WatcherThread [stack: 0x000000001e5a0000,0x000000001e6a0000] [id=4652]

VM state:not at safepoint (normal execution)

VM Mutex/Monitor currently owned by a thread: None

heap address: 0x00000006c7000000, size: 3984 MB, Compressed Oops mode: Zero based, Oop shift amount: 3
Narrow klass base: 0x0000000000000000, Narrow klass shift: 3
Compressed class space size: 1073741824 Address: 0x00000007c0000000

Heap:
 PSYoungGen      total 74752K, used 46356K [0x000000076d000000, 0x0000000772300000, 0x00000007c0000000)
  eden space 64512K, 56% used [0x000000076d000000,0x000000076f34ce50,0x0000000770f00000)
  from space 10240K, 99% used [0x0000000771900000,0x00000007722f8250,0x0000000772300000)
  to   space 10240K, 0% used [0x0000000770f00000,0x0000000770f00000,0x0000000771900000)
 ParOldGen       total 89088K, used 19773K [0x00000006c7000000, 0x00000006cc700000, 0x000000076d000000)
  object space 89088K, 22% used [0x00000006c7000000,0x00000006c834f410,0x00000006cc700000)
 Metaspace       used 26276K, capacity 28132K, committed 28416K, reserved 1073152K
  class space    used 3617K, capacity 3973K, committed 4096K, reserved 1048576K

Card table byte_map: [0x0000000011c00000,0x00000000123d0000] byte_map_base: 0x000000000e5c8000

Marking Bits: (ParMarkBitMap*) 0x0000000069dd4ce0
 Begin Bits: [0x00000000134e0000, 0x0000000017320000)
 End Bits:   [0x0000000017320000, 0x000000001b160000)

Polling page: 0x0000000000130000

CodeCache: size=245760Kb used=16011Kb max_used=16053Kb free=229748Kb
 bounds [0x0000000002840000, 0x0000000003840000, 0x0000000011840000]
 total_blobs=5595 nmethods=4845 adapters=661
 compilation: enabled

Compilation events (10 events):
Event: 78.789 Thread 0x000000001d2dd000 5542   !   4       java.util.concurrent.LinkedBlockingDeque::takeFirst (47 bytes)
Event: 78.812 Thread 0x000000001d2dd000 nmethod 5542 0x00000000030eb490 code [0x00000000030eb740, 0x00000000030ecbe8]
Event: 79.045 Thread 0x000000001d2d6800 5543       4       java.lang.Object::wait (6 bytes)
Event: 79.045 Thread 0x000000001d2d6800 nmethod 5543 0x0000000002f073d0 code [0x0000000002f07520, 0x0000000002f075a8]
Event: 80.821 Thread 0x000000001c32b800 5544       4       com.sun.glass.ui.InvokeLaterDispatcher$Future::<init> (20 bytes)
Event: 80.822 Thread 0x000000001c32b800 nmethod 5544 0x0000000002c10590 code [0x0000000002c106c0, 0x0000000002c10738]
Event: 82.869 Thread 0x000000001d2dd000 5545   !   4       com.sun.glass.ui.InvokeLaterDispatcher$Future::run (91 bytes)
Event: 82.889 Thread 0x000000001d2dd000 nmethod 5545 0x00000000030e7e90 code [0x00000000030e8100, 0x00000000030e95c0]
Event: 83.893 Thread 0x000000001d2d6800 5546       4       com.sun.javafx.tk.quantum.QuantumToolkit::postPulse (148 bytes)
Event: 83.895 Thread 0x000000001d2d6800 nmethod 5546 0x0000000002a5d490 code [0x0000000002a5d600, 0x0000000002a5d7e8]

GC Heap History (6 events):
Event: 8.006 GC heap before
{Heap before GC invocations=1 (full 0):
 PSYoungGen      total 74752K, used 62284K [0x000000076d000000, 0x0000000772300000, 0x00000007c0000000)
  eden space 64512K, 96% used [0x000000076d000000,0x0000000770cd3170,0x0000000770f00000)
  from space 10240K, 0% used [0x0000000771900000,0x0000000771900000,0x0000000772300000)
  to   space 10240K, 0% used [0x0000000770f00000,0x0000000770f00000,0x0000000771900000)
 ParOldGen       total 171008K, used 0K [0x00000006c7000000, 0x00000006d1700000, 0x000000076d000000)
  object space 171008K, 0% used [0x00000006c7000000,0x00000006c7000000,0x00000006d1700000)
 Metaspace       used 20177K, capacity 21160K, committed 21296K, reserved 1067008K
  class space    used 2885K, capacity 3119K, committed 3200K, reserved 1048576K
Event: 8.018 GC heap after
Heap after GC invocations=1 (full 0):
 PSYoungGen      total 74752K, used 10236K [0x000000076d000000, 0x0000000772300000, 0x00000007c0000000)
  eden space 64512K, 0% used [0x000000076d000000,0x000000076d000000,0x0000000770f00000)
  from space 10240K, 99% used [0x0000000770f00000,0x00000007718ff370,0x0000000771900000)
  to   space 10240K, 0% used [0x0000000771900000,0x0000000771900000,0x0000000772300000)
 ParOldGen       total 171008K, used 7177K [0x00000006c7000000, 0x00000006d1700000, 0x000000076d000000)
  object space 171008K, 4% used [0x00000006c7000000,0x00000006c77025f8,0x00000006d1700000)
 Metaspace       used 20177K, capacity 21160K, committed 21296K, reserved 1067008K
  class space    used 2885K, capacity 3119K, committed 3200K, reserved 1048576K
}
Event: 8.018 GC heap before
{Heap before GC invocations=2 (full 1):
 PSYoungGen      total 74752K, used 10236K [0x000000076d000000, 0x0000000772300000, 0x00000007c0000000)
  eden space 64512K, 0% used [0x000000076d000000,0x000000076d000000,0x0000000770f00000)
  from space 10240K, 99% used [0x0000000770f00000,0x00000007718ff370,0x0000000771900000)
  to   space 10240K, 0% used [0x0000000771900000,0x0000000771900000,0x0000000772300000)
 ParOldGen       total 171008K, used 7177K [0x00000006c7000000, 0x00000006d1700000, 0x000000076d000000)
  object space 171008K, 4% used [0x00000006c7000000,0x00000006c77025f8,0x00000006d1700000)
 Metaspace       used 20177K, capacity 21160K, committed 21296K, reserved 1067008K
  class space    used 2885K, capacity 3119K, committed 3200K, reserved 1048576K
Event: 8.056 GC heap after
Heap after GC invocations=2 (full 1):
 PSYoungGen      total 74752K, used 0K [0x000000076d000000, 0x0000000772300000, 0x00000007c0000000)
  eden space 64512K, 0% used [0x000000076d000000,0x000000076d000000,0x0000000770f00000)
  from space 10240K, 0% used [0x0000000770f00000,0x0000000770f00000,0x0000000771900000)
  to   space 10240K, 0% used [0x0000000771900000,0x0000000771900000,0x0000000772300000)
 ParOldGen       total 89088K, used 17228K [0x00000006c7000000, 0x00000006cc700000, 0x000000076d000000)
  object space 89088K, 19% used [0x00000006c7000000,0x00000006c80d3350,0x00000006cc700000)
 Metaspace       used 20177K, capacity 21160K, committed 21296K, reserved 1067008K
  class space    used 2885K, capacity 3119K, committed 3200K, reserved 1048576K
}
Event: 23.025 GC heap before
{Heap before GC invocations=3 (full 1):
 PSYoungGen      total 74752K, used 64512K [0x000000076d000000, 0x0000000772300000, 0x00000007c0000000)
  eden space 64512K, 100% used [0x000000076d000000,0x0000000770f00000,0x0000000770f00000)
  from space 10240K, 0% used [0x0000000770f00000,0x0000000770f00000,0x0000000771900000)
  to   space 10240K, 0% used [0x0000000771900000,0x0000000771900000,0x0000000772300000)
 ParOldGen       total 89088K, used 17228K [0x00000006c7000000, 0x00000006cc700000, 0x000000076d000000)
  object space 89088K, 19% used [0x00000006c7000000,0x00000006c80d3350,0x00000006cc700000)
 Metaspace       used 24163K, capacity 25828K, committed 25984K, reserved 1071104K
  class space    used 3366K, capacity 3679K, committed 3712K, reserved 1048576K
Event: 23.042 GC heap after
Heap after GC invocations=3 (full 1):
 PSYoungGen      total 74752K, used 10208K [0x000000076d000000, 0x0000000772300000, 0x00000007c0000000)
  eden space 64512K, 0% used [0x000000076d000000,0x000000076d000000,0x0000000770f00000)
  from space 10240K, 99% used [0x0000000771900000,0x00000007722f8250,0x0000000772300000)
  to   space 10240K, 0% used [0x0000000770f00000,0x0000000770f00000,0x0000000771900000)
 ParOldGen       total 89088K, used 19773K [0x00000006c7000000, 0x00000006cc700000, 0x000000076d000000)
  object space 89088K, 22% used [0x00000006c7000000,0x00000006c834f410,0x00000006cc700000)
 Metaspace       used 24163K, capacity 25828K, committed 25984K, reserved 1071104K
  class space    used 3366K, capacity 3679K, committed 3712K, reserved 1048576K
}

Deoptimization events (10 events):
Event: 58.923 Thread 0x000000001f347800 Uncommon trap: reason=class_check action=maybe_recompile pc=0x00000000037c5678 method=java.util.regex.Pattern$Curly.match0(Ljava/util/regex/Matcher;IILjava/lang/CharSequence;)Z @ 170
Event: 58.923 Thread 0x000000001f347800 Uncommon trap: reason=class_check action=maybe_recompile pc=0x00000000037d6a20 method=java.util.regex.Pattern$5.isSatisfiedBy(I)Z @ 16
Event: 58.923 Thread 0x000000001f347800 Uncommon trap: reason=class_check action=maybe_recompile pc=0x00000000037c5678 method=java.util.regex.Pattern$Curly.match0(Ljava/util/regex/Matcher;IILjava/lang/CharSequence;)Z @ 170
Event: 58.923 Thread 0x000000001f347800 Uncommon trap: reason=class_check action=maybe_recompile pc=0x00000000037d6a20 method=java.util.regex.Pattern$5.isSatisfiedBy(I)Z @ 16
Event: 58.923 Thread 0x000000001f347800 Uncommon trap: reason=class_check action=maybe_recompile pc=0x00000000037d6a20 method=java.util.regex.Pattern$5.isSatisfiedBy(I)Z @ 16
Event: 58.924 Thread 0x000000001f347800 Uncommon trap: reason=class_check action=maybe_recompile pc=0x00000000037cf850 method=java.lang.AbstractStringBuilder.append(Ljava/lang/CharSequence;)Ljava/lang/AbstractStringBuilder; @ 37
Event: 58.924 Thread 0x000000001f347800 Uncommon trap: reason=class_check action=maybe_recompile pc=0x00000000037cf850 method=java.lang.AbstractStringBuilder.append(Ljava/lang/CharSequence;)Ljava/lang/AbstractStringBuilder; @ 37
Event: 58.924 Thread 0x000000001f347800 Uncommon trap: reason=class_check action=maybe_recompile pc=0x00000000037cf850 method=java.lang.AbstractStringBuilder.append(Ljava/lang/CharSequence;)Ljava/lang/AbstractStringBuilder; @ 37
Event: 58.924 Thread 0x000000001f347800 Uncommon trap: reason=class_check action=maybe_recompile pc=0x00000000037cf850 method=java.lang.AbstractStringBuilder.append(Ljava/lang/CharSequence;)Ljava/lang/AbstractStringBuilder; @ 37
Event: 58.932 Thread 0x000000001f347800 Uncommon trap: reason=unstable_if action=reinterpret pc=0x000000000340ab18 method=sun.util.logging.PlatformLogger.isLoggable(Lsun/util/logging/PlatformLogger$Level;)Z @ 18

Classes redefined (0 events):
No events

Internal exceptions (10 events):
Event: 3.083 Thread 0x000000001f347800 Exception <a 'java/lang/ArrayIndexOutOfBoundsException': 58> (0x000000076f7d82b0) thrown at [C:\re\workspace\8-2-build-windows-amd64-cygwin\jdk8u201\12322\hotspot\src\share\vm\interpreter\interpreterRuntime.cpp, line 368]
Event: 3.084 Thread 0x000000001f347800 Exception <a 'java/lang/ArrayIndexOutOfBoundsException': 18> (0x000000076f7d9138) thrown at [C:\re\workspace\8-2-build-windows-amd64-cygwin\jdk8u201\12322\hotspot\src\share\vm\interpreter\interpreterRuntime.cpp, line 368]
Event: 3.084 Thread 0x000000001f347800 Exception <a 'java/lang/ArrayIndexOutOfBoundsException': 86> (0x000000076f7da4e0) thrown at [C:\re\workspace\8-2-build-windows-amd64-cygwin\jdk8u201\12322\hotspot\src\share\vm\interpreter\interpreterRuntime.cpp, line 368]
Event: 3.117 Thread 0x000000001f347800 Exception <a 'java/lang/ArrayIndexOutOfBoundsException'> (0x0000000770049be8) thrown at [C:\re\workspace\8-2-build-windows-amd64-cygwin\jdk8u201\12322\hotspot\src\share\vm\runtime\sharedRuntime.cpp, line 605]
Event: 3.156 Thread 0x000000001f347800 Exception <a 'java/lang/ArrayIndexOutOfBoundsException'> (0x000000077016f110) thrown at [C:\re\workspace\8-2-build-windows-amd64-cygwin\jdk8u201\12322\hotspot\src\share\vm\runtime\sharedRuntime.cpp, line 605]
Event: 35.574 Thread 0x000000001f347800 Implicit null exception at 0x0000000002b37bdf to 0x0000000002b38b29
Event: 35.574 Thread 0x000000001f347800 Implicit null exception at 0x000000000352e72a to 0x000000000352f76d
Event: 36.118 Thread 0x000000001f347800 Implicit null exception at 0x0000000002f9d7ce to 0x0000000002f9d835
Event: 50.426 Thread 0x000000001f347800 Implicit null exception at 0x00000000036a3820 to 0x00000000036a4051
Event: 58.923 Thread 0x000000001f347800 Exception <a 'java/lang/NullPointerException'> (0x000000076eee5d78) thrown at [C:\re\workspace\8-2-build-windows-amd64-cygwin\jdk8u201\12322\hotspot\src\share\vm\interpreter\linkResolver.cpp, line 1185]

Events (10 events):
Event: 76.466 Thread 0x000000001d2dd000 flushing nmethod 0x0000000002a68f50
Event: 78.783 Thread 0x000000001c32b800 flushing nmethod 0x0000000002bfa410
Event: 80.822 Thread 0x000000001c32b800 flushing nmethod 0x0000000002e21510
Event: 80.822 Thread 0x000000001c32b800 flushing nmethod 0x0000000002e42090
Event: 82.889 Thread 0x000000001d2dd000 flushing nmethod 0x0000000002ec2510
Event: 82.889 Thread 0x000000001d2dd000 flushing nmethod 0x0000000002ede710
Event: 83.895 Thread 0x000000001d2d6800 flushing nmethod 0x0000000002f45990
Event: 83.895 Thread 0x000000001d2d6800 flushing nmethod 0x0000000002f53950
Event: 83.895 Thread 0x000000001d2d6800 flushing nmethod 0x0000000002f58910
Event: 83.895 Thread 0x000000001d2d6800 flushing nmethod 0x0000000002f78d90


Dynamic libraries:
0x000000013faa0000 - 0x000000013fad7000 	C:\Program Files\Java\jdk1.8.0_201\jre\bin\java.exe
0x0000000077650000 - 0x00000000777ef000 	C:\Windows\SYSTEM32\ntdll.dll
0x0000000077430000 - 0x000000007754f000 	C:\Windows\system32\kernel32.dll
0x000007fefd780000 - 0x000007fefd7ea000 	C:\Windows\system32\KERNELBASE.dll
0x000007fefdb40000 - 0x000007fefdc1b000 	C:\Windows\system32\ADVAPI32.dll
0x000007fefdc20000 - 0x000007fefdcbf000 	C:\Windows\system32\msvcrt.dll
0x000007feff920000 - 0x000007feff93f000 	C:\Windows\SYSTEM32\sechost.dll
0x000007fefe0b0000 - 0x000007fefe1dd000 	C:\Windows\system32\RPCRT4.dll
0x0000000077550000 - 0x000000007764a000 	C:\Windows\system32\USER32.dll
0x000007fefe3c0000 - 0x000007fefe427000 	C:\Windows\system32\GDI32.dll
0x000007fefdf80000 - 0x000007fefdf8e000 	C:\Windows\system32\LPK.dll
0x000007fefe8b0000 - 0x000007fefe97b000 	C:\Windows\system32\USP10.dll
0x000007fefc450000 - 0x000007fefc644000 	C:\Windows\WinSxS\amd64_microsoft.windows.common-controls_6595b64144ccf1df_6.0.7601.18837_none_fa3b1e3d17594757\COMCTL32.dll
0x000007fefe830000 - 0x000007fefe8a1000 	C:\Windows\system32\SHLWAPI.dll
0x000007fefe980000 - 0x000007fefe9ae000 	C:\Windows\system32\IMM32.DLL
0x000007fefdf90000 - 0x000007fefe099000 	C:\Windows\system32\MSCTF.dll
0x000007fefd3c0000 - 0x000007fefd3f0000 	C:\Windows\system32\nvinitx.dll
0x000007fefd3b0000 - 0x000007fefd3bc000 	C:\Windows\system32\VERSION.dll
0x0000000073640000 - 0x0000000073646000 	C:\Program Files\NVIDIA Corporation\CoProcManager\detoured.dll
0x000007fefa360000 - 0x000007fefa398000 	C:\Program Files\NVIDIA Corporation\CoProcManager\nvd3d9wrapx.dll
0x000007fefe1e0000 - 0x000007fefe3b7000 	C:\Windows\system32\SETUPAPI.dll
0x000007fefd700000 - 0x000007fefd736000 	C:\Windows\system32\CFGMGR32.dll
0x000007fefe9b0000 - 0x000007fefea8a000 	C:\Windows\system32\OLEAUT32.dll
0x000007fefe4d0000 - 0x000007fefe6cf000 	C:\Windows\system32\ole32.dll
0x000007fefd800000 - 0x000007fefd81a000 	C:\Windows\system32\DEVOBJ.dll
0x000007fefa330000 - 0x000007fefa354000 	C:\Program Files\NVIDIA Corporation\CoProcManager\nvdxgiwrapx.dll
0x0000000074a10000 - 0x0000000074ae1000 	C:\Program Files\Java\jdk1.8.0_201\jre\bin\msvcr100.dll
0x00000000695b0000 - 0x0000000069e54000 	C:\Program Files\Java\jdk1.8.0_201\jre\bin\server\jvm.dll
0x000007fef6800000 - 0x000007fef6809000 	C:\Windows\system32\WSOCK32.dll
0x000007fefd820000 - 0x000007fefd86d000 	C:\Windows\system32\WS2_32.dll
0x000007fefe0a0000 - 0x000007fefe0a8000 	C:\Windows\system32\NSI.dll
0x000007fefae80000 - 0x000007fefaebb000 	C:\Windows\system32\WINMM.dll
0x0000000077800000 - 0x0000000077807000 	C:\Windows\system32\PSAPI.DLL
0x000007fefa9e0000 - 0x000007fefa9ef000 	C:\Program Files\Java\jdk1.8.0_201\jre\bin\verify.dll
0x000007feed4c0000 - 0x000007feed4e9000 	C:\Program Files\Java\jdk1.8.0_201\jre\bin\java.dll
0x000007feef250000 - 0x000007feef266000 	C:\Program Files\Java\jdk1.8.0_201\jre\bin\zip.dll
0x000007fefea90000 - 0x000007feff81a000 	C:\Windows\system32\SHELL32.dll
0x000007fefd3f0000 - 0x000007fefd3ff000 	C:\Windows\system32\profapi.dll
0x000007fefa9f0000 - 0x000007fefa9f3000 	C:\Program Files\Java\jdk1.8.0_201\jre\bin\api-ms-win-core-console-l1-1-0.dll
0x000007fef8f30000 - 0x000007fef8f33000 	C:\Program Files\Java\jdk1.8.0_201\jre\bin\api-ms-win-core-datetime-l1-1-0.dll
0x000007fef5650000 - 0x000007fef5653000 	C:\Program Files\Java\jdk1.8.0_201\jre\bin\api-ms-win-core-debug-l1-1-0.dll
0x000007fef5640000 - 0x000007fef5643000 	C:\Program Files\Java\jdk1.8.0_201\jre\bin\api-ms-win-core-errorhandling-l1-1-0.dll
0x000007fef3ce0000 - 0x000007fef3ce4000 	C:\Program Files\Java\jdk1.8.0_201\jre\bin\api-ms-win-core-file-l1-1-0.dll
0x000007fef0960000 - 0x000007fef0963000 	C:\Program Files\Java\jdk1.8.0_201\jre\bin\api-ms-win-core-file-l1-2-0.dll
0x000007feef280000 - 0x000007feef283000 	C:\Program Files\Java\jdk1.8.0_201\jre\bin\api-ms-win-core-file-l2-1-0.dll
0x000007feef270000 - 0x000007feef273000 	C:\Program Files\Java\jdk1.8.0_201\jre\bin\api-ms-win-core-handle-l1-1-0.dll
0x000007feef1e0000 - 0x000007feef1e3000 	C:\Program Files\Java\jdk1.8.0_201\jre\bin\api-ms-win-core-heap-l1-1-0.dll
0x000007feee450000 - 0x000007feee453000 	C:\Program Files\Java\jdk1.8.0_201\jre\bin\api-ms-win-core-interlocked-l1-1-0.dll
0x000007feee440000 - 0x000007feee443000 	C:\Program Files\Java\jdk1.8.0_201\jre\bin\api-ms-win-core-libraryloader-l1-1-0.dll
0x000007feee430000 - 0x000007feee433000 	C:\Program Files\Java\jdk1.8.0_201\jre\bin\api-ms-win-core-localization-l1-2-0.dll
0x000007feed530000 - 0x000007feed533000 	C:\Program Files\Java\jdk1.8.0_201\jre\bin\api-ms-win-core-memory-l1-1-0.dll
0x000007feed520000 - 0x000007feed523000 	C:\Program Files\Java\jdk1.8.0_201\jre\bin\api-ms-win-core-namedpipe-l1-1-0.dll
0x000007feed510000 - 0x000007feed513000 	C:\Program Files\Java\jdk1.8.0_201\jre\bin\api-ms-win-core-processenvironment-l1-1-0.dll
0x000007feed500000 - 0x000007feed503000 	C:\Program Files\Java\jdk1.8.0_201\jre\bin\api-ms-win-core-processthreads-l1-1-0.dll
0x000007feed4f0000 - 0x000007feed4f3000 	C:\Program Files\Java\jdk1.8.0_201\jre\bin\api-ms-win-core-processthreads-l1-1-1.dll
0x000007feed1f0000 - 0x000007feed1f3000 	C:\Program Files\Java\jdk1.8.0_201\jre\bin\api-ms-win-core-profile-l1-1-0.dll
0x000007feed1e0000 - 0x000007feed1e3000 	C:\Program Files\Java\jdk1.8.0_201\jre\bin\api-ms-win-core-rtlsupport-l1-1-0.dll
0x000007feed1d0000 - 0x000007feed1d3000 	C:\Program Files\Java\jdk1.8.0_201\jre\bin\api-ms-win-core-string-l1-1-0.dll
0x000007feed0a0000 - 0x000007feed0a3000 	C:\Program Files\Java\jdk1.8.0_201\jre\bin\api-ms-win-core-synch-l1-1-0.dll
0x000007feed090000 - 0x000007feed093000 	C:\Program Files\Java\jdk1.8.0_201\jre\bin\api-ms-win-core-synch-l1-2-0.dll
0x000007feed020000 - 0x000007feed023000 	C:\Program Files\Java\jdk1.8.0_201\jre\bin\api-ms-win-core-sysinfo-l1-1-0.dll
0x000007feecee0000 - 0x000007feecee3000 	C:\Program Files\Java\jdk1.8.0_201\jre\bin\api-ms-win-core-timezone-l1-1-0.dll
0x000007feeced0000 - 0x000007feeced3000 	C:\Program Files\Java\jdk1.8.0_201\jre\bin\api-ms-win-core-util-l1-1-0.dll
0x000007feecec0000 - 0x000007feecec3000 	C:\Program Files\Java\jdk1.8.0_201\jre\bin\api-ms-win-crt-conio-l1-1-0.dll
0x000007feeceb0000 - 0x000007feeceb4000 	C:\Program Files\Java\jdk1.8.0_201\jre\bin\api-ms-win-crt-convert-l1-1-0.dll
0x000007feecea0000 - 0x000007feecea3000 	C:\Program Files\Java\jdk1.8.0_201\jre\bin\api-ms-win-crt-environment-l1-1-0.dll
0x000007feecde0000 - 0x000007feecde3000 	C:\Program Files\Java\jdk1.8.0_201\jre\bin\api-ms-win-crt-filesystem-l1-1-0.dll
0x000007feecdd0000 - 0x000007feecdd3000 	C:\Program Files\Java\jdk1.8.0_201\jre\bin\api-ms-win-crt-heap-l1-1-0.dll
0x000007feecdc0000 - 0x000007feecdc3000 	C:\Program Files\Java\jdk1.8.0_201\jre\bin\api-ms-win-crt-locale-l1-1-0.dll
0x000007feecdb0000 - 0x000007feecdb5000 	C:\Program Files\Java\jdk1.8.0_201\jre\bin\api-ms-win-crt-math-l1-1-0.dll
0x000007feecda0000 - 0x000007feecda5000 	C:\Program Files\Java\jdk1.8.0_201\jre\bin\api-ms-win-crt-multibyte-l1-1-0.dll
0x000007feecd90000 - 0x000007feecda0000 	C:\Program Files\Java\jdk1.8.0_201\jre\bin\api-ms-win-crt-private-l1-1-0.dll
0x000007feecd80000 - 0x000007feecd83000 	C:\Program Files\Java\jdk1.8.0_201\jre\bin\api-ms-win-crt-process-l1-1-0.dll
0x000007feecd70000 - 0x000007feecd74000 	C:\Program Files\Java\jdk1.8.0_201\jre\bin\api-ms-win-crt-runtime-l1-1-0.dll
0x000007feecae0000 - 0x000007feecae4000 	C:\Program Files\Java\jdk1.8.0_201\jre\bin\api-ms-win-crt-stdio-l1-1-0.dll
0x000007feecad0000 - 0x000007feecad4000 	C:\Program Files\Java\jdk1.8.0_201\jre\bin\api-ms-win-crt-string-l1-1-0.dll
0x000007feecac0000 - 0x000007feecac3000 	C:\Program Files\Java\jdk1.8.0_201\jre\bin\api-ms-win-crt-time-l1-1-0.dll
0x000007feeca80000 - 0x000007feeca83000 	C:\Program Files\Java\jdk1.8.0_201\jre\bin\api-ms-win-crt-utility-l1-1-0.dll
0x000007fee79a0000 - 0x000007fee7a96000 	C:\Program Files\Java\jdk1.8.0_201\jre\bin\ucrtbase.dll
0x000007feec500000 - 0x000007feec516000 	C:\Program Files\Java\jdk1.8.0_201\jre\bin\vcruntime140.dll
0x000007fee7900000 - 0x000007fee799c000 	C:\Program Files\Java\jdk1.8.0_201\jre\bin\msvcp140.dll
0x000007fee78a0000 - 0x000007fee78f1000 	C:\Program Files\Java\jdk1.8.0_201\jre\bin\concrt140.dll
0x000007feebf30000 - 0x000007feebf53000 	C:\Program Files\Java\jdk1.8.0_201\jre\bin\prism_d3d.dll
0x000007fef9d70000 - 0x000007fef9f6f000 	C:\Windows\system32\d3d9.dll
0x000007fef9cd0000 - 0x000007fef9cd7000 	C:\Windows\system32\d3d8thk.dll
0x000007fefb0a0000 - 0x000007fefb0b8000 	C:\Windows\system32\dwmapi.dll
0x00000000020d0000 - 0x000000000210b000 	C:\Windows\system32\WINTRUST.dll
0x000007fefd4c0000 - 0x000007fefd62d000 	C:\Windows\system32\CRYPT32.dll
0x000007fefd490000 - 0x000007fefd49f000 	C:\Windows\system32\MSASN1.dll
0x000007fefb620000 - 0x000007fefb676000 	C:\Windows\system32\uxtheme.dll
0x000007fef9700000 - 0x000007fef9782000 	C:\Windows\system32\nvumdshimx.dll
0x000007fed5b40000 - 0x000007fed65ad000 	C:\Windows\system32\igdumdim64.dll
0x000007fee66c0000 - 0x000007fee6b25000 	C:\Windows\system32\igdusc64.dll
0x000007fed3c30000 - 0x000007fed4e04000 	C:\Windows\system32\nvd3dumx.dll
0x000007fee7b80000 - 0x000007fee7bc9000 	C:\Program Files\Java\jdk1.8.0_201\jre\bin\glass.dll
0x000007fefe430000 - 0x000007fefe4c7000 	C:\Windows\system32\COMDLG32.dll
0x000007feeba90000 - 0x000007feebca5000 	C:\Program Files\NVIDIA Corporation\nview\nViewH64.dll
0x000007fefbef0000 - 0x000007fefbf1d000 	C:\Windows\system32\ntmarta.dll
0x000007feff820000 - 0x000007feff872000 	C:\Windows\system32\WLDAP32.dll
0x000007fefd2e0000 - 0x000007fefd2ef000 	C:\Windows\system32\CRYPTBASE.dll
0x000007fee7b00000 - 0x000007fee7b14000 	C:\Program Files\Java\jdk1.8.0_201\jre\bin\javafx_font.dll
0x000007fee0360000 - 0x000007fee04f6000 	C:\Windows\system32\dwrite.dll
0x000007feff880000 - 0x000007feff919000 	C:\Windows\system32\CLBCatQ.DLL
0x000007fefaa60000 - 0x000007fefabc1000 	C:\Windows\system32\WindowsCodecs.dll
0x000007fefd280000 - 0x000007fefd2d7000 	C:\Windows\system32\apphelp.dll
0x000007fef3cc0000 - 0x000007fef3cc9000 	C:\Program Files (x86)\Internet Download Manager\IDMShellExt64.dll
0x000007fef3c10000 - 0x000007fef3c45000 	C:\Windows\system32\EhStorShell.dll
0x000007fefb6a0000 - 0x000007fefb7cc000 	C:\Windows\system32\PROPSYS.dll
0x000007fef3ad0000 - 0x000007fef3b4e000 	C:\Windows\System32\cscui.dll
0x000007fef3ac0000 - 0x000007fef3acc000 	C:\Windows\System32\CSCDLL.dll
0x000007fef3a80000 - 0x000007fef3a8f000 	C:\Windows\system32\CSCAPI.dll
0x000007fef40c0000 - 0x000007fef4140000 	C:\Windows\system32\ntshrui.dll
0x000007fefce80000 - 0x000007fefcea3000 	C:\Windows\system32\srvcli.dll
0x000007fefad20000 - 0x000007fefad2b000 	C:\Windows\system32\slc.dll
0x000007fee76d0000 - 0x000007fee76fd000 	C:\Program Files\Common Files\Microsoft Shared\Ink\rtscom.dll
0x000007feed580000 - 0x000007feed59a000 	C:\Program Files\Java\jdk1.8.0_201\jre\bin\net.dll
0x000007fefe6d0000 - 0x000007fefe82f000 	C:\Windows\system32\urlmon.dll
0x000007fefd630000 - 0x000007fefd634000 	C:\Windows\system32\api-ms-win-downlevel-ole32-l1-1-0.dll
0x000007fefd4b0000 - 0x000007fefd4b4000 	C:\Windows\system32\api-ms-win-downlevel-shlwapi-l1-1-0.dll
0x000007fefd7f0000 - 0x000007fefd7f5000 	C:\Windows\system32\api-ms-win-downlevel-advapi32-l1-1-0.dll
0x000007fefd6f0000 - 0x000007fefd6f4000 	C:\Windows\system32\api-ms-win-downlevel-user32-l1-1-0.dll
0x000007fefd4a0000 - 0x000007fefd4a4000 	C:\Windows\system32\api-ms-win-downlevel-version-l1-1-0.dll
0x000007fefd6e0000 - 0x000007fefd6e3000 	C:\Windows\system32\api-ms-win-downlevel-normaliz-l1-1-0.dll
0x00000000777f0000 - 0x00000000777f3000 	C:\Windows\system32\normaliz.DLL
0x000007fefd870000 - 0x000007fefdb18000 	C:\Windows\system32\iertutil.dll
0x000007fefdcc0000 - 0x000007fefdf00000 	C:\Windows\system32\WININET.dll
0x000007fefcb40000 - 0x000007fefcb95000 	C:\Windows\system32\mswsock.dll
0x000007fefcd20000 - 0x000007fefcd27000 	C:\Windows\System32\wship6.dll

VM Arguments:
jvm_args: -Dfile.encoding=UTF-8 
java_command: D:\Projects\GenioBITS Gym Software\dist\run163988273\GenioBITS Gym Software.jar
java_class_path (initial): D:\Projects\GenioBITS Gym Software\dist\run163988273\GenioBITS Gym Software.jar
Launcher Type: SUN_STANDARD

Environment Variables:
PATH=C:\Program Files (x86)\Common Files\Oracle\Java\javapath;C:\Windows\system32;C:\Windows;C:\Windows\System32\Wbem;C:\Windows\System32\WindowsPowerShell\v1.0\;C:\Program Files\Intel\WiFi\bin\;C:\Program Files\Common Files\Intel\WirelessCommon\;C:\Program Files\ThinkPad\Bluetooth Software\;C:\Program Files\ThinkPad\Bluetooth Software\syswow64;C:\Program Files\nodejs\;C:\Program Files\dotnet\;C:\Program Files\Git\cmd;C:\Users\DESTINY\AppData\Local\Programs\Python\Python37\Scripts\;C:\Users\DESTINY\AppData\Local\Programs\Python\Python37\;C:\Program Files\Intel\WiFi\bin\;C:\Program Files\Common Files\Intel\WirelessCommon\;C:\Program Files\heroku\bin;C:\Users\DESTINY\AppData\Local\Programs\Microsoft VS Code\bin;C:\Users\DESTINY\AppData\Roaming\npm;C:\Program Files (x86)\Nmap;C:\Program Files\JetBrains\PyCharm Community Edition 2019.1.3\bin;
USERNAME=DESTINY
OS=Windows_NT
PROCESSOR_IDENTIFIER=Intel64 Family 6 Model 58 Stepping 9, GenuineIntel



---------------  S Y S T E M  ---------------

OS: Windows 7 , 64 bit Build 7601 (6.1.7601.24354)

CPU:total 8 (initial active 8) (4 cores per cpu, 2 threads per core) family 6 model 58 stepping 9, cmov, cx8, fxsr, mmx, sse, sse2, sse3, ssse3, sse4.1, sse4.2, popcnt, avx, aes, clmul, erms, ht, tsc, tscinvbit, tscinv

Memory: 4k page, physical 16314376k(8871220k free), swap 32626848k(24602088k free)

vm_info: Java HotSpot(TM) 64-Bit Server VM (25.201-b09) for windows-amd64 JRE (1.8.0_201-b09), built on Dec 15 2018 18:36:39 by "java_re" with MS VC++ 10.0 (VS2010)

time: Tue Oct 08 20:51:19 2019
timezone: India Standard Time
elapsed time: 84 seconds (0d 0h 1m 24s)

