#
# A fatal error has been detected by the Java Runtime Environment:
#
#  EXCEPTION_ACCESS_VIOLATION (0xc0000005) at pc=0x000000002019b440, pid=8720, tid=0x0000000000002058
#
# JRE version: Java(TM) SE Runtime Environment (8.0_201-b09) (build 1.8.0_201-b09)
# Java VM: Java HotSpot(TM) 64-Bit Server VM (25.201-b09 mixed mode windows-amd64 compressed oops)
# Problematic frame:
# C  0x000000002019b440
#
# Failed to write core dump. Minidumps are not enabled by default on client versions of Windows
#
# If you would like to submit a bug report, please visit:
#   http://bugreport.java.com/bugreport/crash.jsp
# The crash happened outside the Java Virtual Machine in native code.
# See problematic frame for where to report the bug.
#

---------------  T H R E A D  ---------------

Current thread (0x000000001f9ea000):  JavaThread "Thread-4" [_thread_in_native, id=8280, stack(0x0000000026580000,0x0000000026680000)]

siginfo: ExceptionCode=0xc0000005, writing address 0x0000000000000000

Registers:
RAX=0x0000000000000000, RBX=0x0000000026bf76f0, RCX=0x6453a8061a9f0000, RDX=0x0000000000000000
RSP=0x000000002667e2a0, RBP=0x000000002667e2f0, RSI=0x000000002667e5d0, RDI=0x000000002667e390
R8 =0x000000000000037f, R9 =0xfeeefeeefeeefeee, R10=0x0000000026e20158, R11=0x0000000000053e10
R12=0x0000000025da8d08, R13=0x000000002667e5c8, R14=0x000000000000000a, R15=0x000000002667e5d0
RIP=0x000000002019b440, EFLAGS=0x0000000000010202

Top of Stack: (sp=0x000000002667e2a0)
0x000000002667e2a0:   000000002667e2d0 0000000026bf76f0
0x000000002667e2b0:   000000002667e5d0 000000002667e2f0
0x000000002667e2c0:   0000000000001112 000000002667e5d0
0x000000002667e2d0:   2e3836312e323931 0000003332322e31
0x000000002667e2e0:   0000000025d973d0 000007fefdc31cb1
0x000000002667e2f0:   000000002667e2d0 000000000000000e
0x000000002667e300:   0000000026a50000 000000002667e3d8
0x000000002667e310:   6c6f636f746f7270 6170692c5044553d
0x000000002667e320:   313d737365726464 312e3836312e3239
0x000000002667e330:   726f702c3332322e 742c303733343d74
0x000000002667e340:   343d74756f656d69 737361702c303030
0x000000002667e350:   00000000003d6477 0000000000000000
0x000000002667e360:   0000000000000000 0000000000000000
0x000000002667e370:   0000000000000000 0000000000000000
0x000000002667e380:   0000000000000000 0000000000000000
0x000000002667e390:   6c6f636f746f7270 6170692c5043543d 

Instructions: (pc=0x000000002019b440)
0x000000002019b420:   40 10 48 83 38 00 75 1b 48 8d 4d 20 ff 15 d6 82
0x000000002019b430:   04 00 48 8b d0 48 8b 85 80 01 00 00 48 8b 40 10
0x000000002019b440:   48 89 10 48 8b 85 80 01 00 00 48 8b 40 10 48 83
0x000000002019b450:   38 00 74 0e b8 01 00 00 00 66 89 85 50 01 00 00 


Register to memory mapping:

RAX=0x0000000000000000 is an unknown value
RBX=0x0000000026bf76f0 is an unknown value
RCX=0x6453a8061a9f0000 is an unknown value
RDX=0x0000000000000000 is an unknown value
RSP=0x000000002667e2a0 is pointing into the stack for thread: 0x000000001f9ea000
RBP=0x000000002667e2f0 is pointing into the stack for thread: 0x000000001f9ea000
RSI=0x000000002667e5d0 is pointing into the stack for thread: 0x000000001f9ea000
RDI=0x000000002667e390 is pointing into the stack for thread: 0x000000001f9ea000
R8 =0x000000000000037f is an unknown value
R9 =0xfeeefeeefeeefeee is an unknown value
R10=0x0000000026e20158 is an unknown value
R11=0x0000000000053e10 is an unknown value
R12=0x0000000025da8d08 is an unknown value
R13=0x000000002667e5c8 is pointing into the stack for thread: 0x000000001f9ea000
R14=0x000000000000000a is an unknown value
R15=0x000000002667e5d0 is pointing into the stack for thread: 0x000000001f9ea000


Stack: [0x0000000026580000,0x0000000026680000],  sp=0x000000002667e2a0,  free space=1016k
Native frames: (J=compiled Java code, j=interpreted, Vv=VM code, C=native code)
C  0x000000002019b440
C  0x000000002016de0f
C  [OLEAUT32.dll+0x17d0]
C  [OLEAUT32.dll+0x2452]
C  [OLEAUT32.dll+0x1e32]
C  0x0000000020184549
C  0x00000000201844ab
C  0x00000001800020e9
C  0x0000000002818c67

Java frames: (J=compiled Java code, j=interpreted, Vv=VM code)
j  com.jacob.com.Dispatch.invokev(Lcom/jacob/com/Dispatch;Ljava/lang/String;III[Lcom/jacob/com/Variant;[I)Lcom/jacob/com/Variant;+0
j  com.jacob.com.Dispatch.invokev(Lcom/jacob/com/Dispatch;Ljava/lang/String;I[Lcom/jacob/com/Variant;[I)Lcom/jacob/com/Variant;+14
j  com.jacob.com.Dispatch.callN(Lcom/jacob/com/Dispatch;Ljava/lang/String;[Ljava/lang/Object;)Lcom/jacob/com/Variant;+15
j  com.jacob.com.Dispatch.call(Lcom/jacob/com/Dispatch;Ljava/lang/String;[Ljava/lang/Object;)Lcom/jacob/com/Variant;+7
j  com.jacob.activeX.ActiveXComponent.invoke(Ljava/lang/String;Ljava/lang/String;I)Lcom/jacob/com/Variant;+21
j  uitl.ZkemSDK.connect(Ljava/lang/String;II)Z+7
j  classes.Main.getDataFromMachine()V+369
j  classes.Main$3.run()V+18
j  java.lang.Thread.run()V+11
v  ~StubRoutines::call_stub

---------------  P R O C E S S  ---------------

Java Threads: ( => current thread )
  0x000000001d55e800 JavaThread "Thread-7" [_thread_in_native, id=7216, stack(0x00000000271f0000,0x00000000272f0000)]
  0x000000001d560000 JavaThread "TimerQueue" daemon [_thread_blocked, id=8796, stack(0x0000000030490000,0x0000000030590000)]
  0x000000001d55d000 JavaThread "AWT-Windows" daemon [_thread_in_native, id=7476, stack(0x000000002f2e0000,0x000000002f3e0000)]
  0x000000001d55b800 JavaThread "Java2D Disposer" daemon [_thread_blocked, id=5076, stack(0x000000002ef90000,0x000000002f090000)]
=>0x000000001f9ea000 JavaThread "Thread-4" [_thread_in_native, id=8280, stack(0x0000000026580000,0x0000000026680000)]
  0x000000001f964000 JavaThread "Prism Font Disposer" daemon [_thread_blocked, id=1424, stack(0x0000000022950000,0x0000000022a50000)]
  0x000000001f756800 JavaThread "JavaFX-Launcher" [_thread_blocked, id=4428, stack(0x00000000222f0000,0x00000000223f0000)]
  0x000000001f761800 JavaThread "Thread-2" daemon [_thread_in_native, id=2020, stack(0x00000000221f0000,0x00000000222f0000)]
  0x000000001f608800 JavaThread "JavaFX Application Thread" [_thread_in_native, id=7432, stack(0x0000000020240000,0x0000000020340000)]
  0x000000001f604800 JavaThread "Thread-1" daemon [_thread_blocked, id=8908, stack(0x0000000020060000,0x0000000020160000)]
  0x000000001f5ba800 JavaThread "QuantumRenderer-0" daemon [_thread_blocked, id=4496, stack(0x000000001fd90000,0x000000001fe90000)]
  0x000000001d5ec800 JavaThread "Service Thread" daemon [_thread_blocked, id=7264, stack(0x000000001f210000,0x000000001f310000)]
  0x000000001d559000 JavaThread "C1 CompilerThread3" daemon [_thread_blocked, id=5844, stack(0x000000001f110000,0x000000001f210000)]
  0x000000001d558800 JavaThread "C2 CompilerThread2" daemon [_thread_blocked, id=5324, stack(0x000000001efa0000,0x000000001f0a0000)]
  0x000000001d552800 JavaThread "C2 CompilerThread1" daemon [_thread_blocked, id=8076, stack(0x000000001edc0000,0x000000001eec0000)]
  0x000000001d54c000 JavaThread "C2 CompilerThread0" daemon [_thread_blocked, id=3428, stack(0x000000001eb80000,0x000000001ec80000)]
  0x000000001d54b000 JavaThread "Attach Listener" daemon [_thread_blocked, id=7524, stack(0x000000001ea00000,0x000000001eb00000)]
  0x000000001d54a000 JavaThread "Signal Dispatcher" daemon [_thread_blocked, id=5944, stack(0x000000001e8e0000,0x000000001e9e0000)]
  0x000000001c493000 JavaThread "Finalizer" daemon [_thread_blocked, id=6912, stack(0x000000001e7a0000,0x000000001e8a0000)]
  0x000000001c48c000 JavaThread "Reference Handler" daemon [_thread_blocked, id=2504, stack(0x000000001e4a0000,0x000000001e5a0000)]
  0x00000000021a8000 JavaThread "main" [_thread_blocked, id=7700, stack(0x0000000002430000,0x0000000002530000)]

Other Threads:
  0x000000001c483800 VMThread [stack: 0x000000001e630000,0x000000001e730000] [id=1036]
  0x000000001d605000 WatcherThread [stack: 0x000000001f3c0000,0x000000001f4c0000] [id=2388]

VM state:not at safepoint (normal execution)

VM Mutex/Monitor currently owned by a thread: None

heap address: 0x00000006c7000000, size: 3984 MB, Compressed Oops mode: Zero based, Oop shift amount: 3
Narrow klass base: 0x0000000000000000, Narrow klass shift: 3
Compressed class space size: 1073741824 Address: 0x00000007c0000000

Heap:
 PSYoungGen      total 74752K, used 29844K [0x000000076d000000, 0x0000000772300000, 0x00000007c0000000)
  eden space 64512K, 46% used [0x000000076d000000,0x000000076ed253c0,0x0000000770f00000)
  from space 10240K, 0% used [0x0000000770f00000,0x0000000770f00000,0x0000000771900000)
  to   space 10240K, 0% used [0x0000000771900000,0x0000000771900000,0x0000000772300000)
 ParOldGen       total 99840K, used 23537K [0x00000006c7000000, 0x00000006cd180000, 0x000000076d000000)
  object space 99840K, 23% used [0x00000006c7000000,0x00000006c86fc750,0x00000006cd180000)
 Metaspace       used 36911K, capacity 38740K, committed 39168K, reserved 1083392K
  class space    used 5161K, capacity 5505K, committed 5632K, reserved 1048576K

Card table byte_map: [0x0000000011bc0000,0x0000000012390000] byte_map_base: 0x000000000e588000

Marking Bits: (ParMarkBitMap*) 0x000000006bfb4ce0
 Begin Bits: [0x0000000013650000, 0x0000000017490000)
 End Bits:   [0x0000000017490000, 0x000000001b2d0000)

Polling page: 0x0000000000430000

CodeCache: size=245760Kb used=20841Kb max_used=20889Kb free=224918Kb
 bounds [0x0000000002800000, 0x0000000003c90000, 0x0000000011800000]
 total_blobs=7214 nmethods=6300 adapters=823
 compilation: enabled

Compilation events (10 events):
Event: 82.192 Thread 0x000000001d559000 7284       3       javafx.util.Duration::isIndefinite (17 bytes)
Event: 82.193 Thread 0x000000001d559000 nmethod 7284 0x0000000003c56110 code [0x0000000003c56280, 0x0000000003c56470]
Event: 82.193 Thread 0x000000001d559000 7285       3       javafx.scene.shape.LineTo$1::invalidated (8 bytes)
Event: 82.193 Thread 0x000000001d559000 nmethod 7285 0x0000000003c5f210 code [0x0000000003c5f400, 0x0000000003c5fd38]
Event: 82.197 Thread 0x000000001d559000 7286       3       com.sun.javafx.text.PrismTextLayout::getLineCount (6 bytes)
Event: 82.197 Thread 0x000000001d559000 nmethod 7286 0x0000000003c58c90 code [0x0000000003c58de0, 0x0000000003c58f50]
Event: 82.693 Thread 0x000000001d552800 7287   !   4       com.sun.javafx.sg.prism.NGNode::accumulateGroupDirtyRegion (652 bytes)
Event: 82.905 Thread 0x000000001d552800 nmethod 7287 0x0000000003c6c390 code [0x0000000003c6cc00, 0x0000000003c76410]
Event: 83.702 Thread 0x000000001d558800 7288       4       com.sun.javafx.geom.transform.AffineBase::setToIdentity (45 bytes)
Event: 83.702 Thread 0x000000001d558800 nmethod 7288 0x0000000002be6750 code [0x0000000002be68c0, 0x0000000002be6998]

GC Heap History (10 events):
Event: 7.960 GC heap before
{Heap before GC invocations=1 (full 0):
 PSYoungGen      total 74752K, used 56603K [0x000000076d000000, 0x0000000772300000, 0x00000007c0000000)
  eden space 64512K, 87% used [0x000000076d000000,0x0000000770746f48,0x0000000770f00000)
  from space 10240K, 0% used [0x0000000771900000,0x0000000771900000,0x0000000772300000)
  to   space 10240K, 0% used [0x0000000770f00000,0x0000000770f00000,0x0000000771900000)
 ParOldGen       total 171008K, used 0K [0x00000006c7000000, 0x00000006d1700000, 0x000000076d000000)
  object space 171008K, 0% used [0x00000006c7000000,0x00000006c7000000,0x00000006d1700000)
 Metaspace       used 20150K, capacity 21158K, committed 21296K, reserved 1067008K
  class space    used 2881K, capacity 3118K, committed 3200K, reserved 1048576K
Event: 7.968 GC heap after
Heap after GC invocations=1 (full 0):
 PSYoungGen      total 74752K, used 10125K [0x000000076d000000, 0x0000000772300000, 0x00000007c0000000)
  eden space 64512K, 0% used [0x000000076d000000,0x000000076d000000,0x0000000770f00000)
  from space 10240K, 98% used [0x0000000770f00000,0x00000007718e3668,0x0000000771900000)
  to   space 10240K, 0% used [0x0000000771900000,0x0000000771900000,0x0000000772300000)
 ParOldGen       total 171008K, used 4184K [0x00000006c7000000, 0x00000006d1700000, 0x000000076d000000)
  object space 171008K, 2% used [0x00000006c7000000,0x00000006c7416030,0x00000006d1700000)
 Metaspace       used 20150K, capacity 21158K, committed 21296K, reserved 1067008K
  class space    used 2881K, capacity 3118K, committed 3200K, reserved 1048576K
}
Event: 7.968 GC heap before
{Heap before GC invocations=2 (full 1):
 PSYoungGen      total 74752K, used 10125K [0x000000076d000000, 0x0000000772300000, 0x00000007c0000000)
  eden space 64512K, 0% used [0x000000076d000000,0x000000076d000000,0x0000000770f00000)
  from space 10240K, 98% used [0x0000000770f00000,0x00000007718e3668,0x0000000771900000)
  to   space 10240K, 0% used [0x0000000771900000,0x0000000771900000,0x0000000772300000)
 ParOldGen       total 171008K, used 4184K [0x00000006c7000000, 0x00000006d1700000, 0x000000076d000000)
  object space 171008K, 2% used [0x00000006c7000000,0x00000006c7416030,0x00000006d1700000)
 Metaspace       used 20150K, capacity 21158K, committed 21296K, reserved 1067008K
  class space    used 2881K, capacity 3118K, committed 3200K, reserved 1048576K
Event: 7.996 GC heap after
Heap after GC invocations=2 (full 1):
 PSYoungGen      total 74752K, used 0K [0x000000076d000000, 0x0000000772300000, 0x00000007c0000000)
  eden space 64512K, 0% used [0x000000076d000000,0x000000076d000000,0x0000000770f00000)
  from space 10240K, 0% used [0x0000000770f00000,0x0000000770f00000,0x0000000771900000)
  to   space 10240K, 0% used [0x0000000771900000,0x0000000771900000,0x0000000772300000)
 ParOldGen       total 80896K, used 12091K [0x00000006c7000000, 0x00000006cbf00000, 0x000000076d000000)
  object space 80896K, 14% used [0x00000006c7000000,0x00000006c7bcefc0,0x00000006cbf00000)
 Metaspace       used 20150K, capacity 21158K, committed 21296K, reserved 1067008K
  class space    used 2881K, capacity 3118K, committed 3200K, reserved 1048576K
}
Event: 16.589 GC heap before
{Heap before GC invocations=3 (full 1):
 PSYoungGen      total 74752K, used 64512K [0x000000076d000000, 0x0000000772300000, 0x00000007c0000000)
  eden space 64512K, 100% used [0x000000076d000000,0x0000000770f00000,0x0000000770f00000)
  from space 10240K, 0% used [0x0000000770f00000,0x0000000770f00000,0x0000000771900000)
  to   space 10240K, 0% used [0x0000000771900000,0x0000000771900000,0x0000000772300000)
 ParOldGen       total 80896K, used 12091K [0x00000006c7000000, 0x00000006cbf00000, 0x000000076d000000)
  object space 80896K, 14% used [0x00000006c7000000,0x00000006c7bcefc0,0x00000006cbf00000)
 Metaspace       used 24931K, capacity 26496K, committed 26752K, reserved 1073152K
  class space    used 3552K, capacity 3863K, committed 3968K, reserved 1048576K
Event: 16.595 GC heap after
Heap after GC invocations=3 (full 1):
 PSYoungGen      total 74752K, used 8384K [0x000000076d000000, 0x0000000772300000, 0x00000007c0000000)
  eden space 64512K, 0% used [0x000000076d000000,0x000000076d000000,0x0000000770f00000)
  from space 10240K, 81% used [0x0000000771900000,0x00000007721300f0,0x0000000772300000)
  to   space 10240K, 0% used [0x0000000770f00000,0x0000000770f00000,0x0000000771900000)
 ParOldGen       total 80896K, used 12099K [0x00000006c7000000, 0x00000006cbf00000, 0x000000076d000000)
  object space 80896K, 14% used [0x00000006c7000000,0x00000006c7bd0fc0,0x00000006cbf00000)
 Metaspace       used 24931K, capacity 26496K, committed 26752K, reserved 1073152K
  class space    used 3552K, capacity 3863K, committed 3968K, reserved 1048576K
}
Event: 35.579 GC heap before
{Heap before GC invocations=4 (full 1):
 PSYoungGen      total 74752K, used 67860K [0x000000076d000000, 0x0000000772300000, 0x00000007c0000000)
  eden space 64512K, 92% used [0x000000076d000000,0x0000000770a150d0,0x0000000770f00000)
  from space 10240K, 81% used [0x0000000771900000,0x00000007721300f0,0x0000000772300000)
  to   space 10240K, 0% used [0x0000000770f00000,0x0000000770f00000,0x0000000771900000)
 ParOldGen       total 80896K, used 12099K [0x00000006c7000000, 0x00000006cbf00000, 0x000000076d000000)
  object space 80896K, 14% used [0x00000006c7000000,0x00000006c7bd0fc0,0x00000006cbf00000)
 Metaspace       used 33506K, capacity 35284K, committed 35496K, reserved 1079296K
  class space    used 4711K, capacity 5029K, committed 5120K, reserved 1048576K
Event: 35.592 GC heap after
Heap after GC invocations=4 (full 1):
 PSYoungGen      total 74752K, used 10231K [0x000000076d000000, 0x0000000772300000, 0x00000007c0000000)
  eden space 64512K, 0% used [0x000000076d000000,0x000000076d000000,0x0000000770f00000)
  from space 10240K, 99% used [0x0000000770f00000,0x00000007718fdf98,0x0000000771900000)
  to   space 10240K, 0% used [0x0000000771900000,0x0000000771900000,0x0000000772300000)
 ParOldGen       total 80896K, used 21832K [0x00000006c7000000, 0x00000006cbf00000, 0x000000076d000000)
  object space 80896K, 26% used [0x00000006c7000000,0x00000006c8552190,0x00000006cbf00000)
 Metaspace       used 33506K, capacity 35284K, committed 35496K, reserved 1079296K
  class space    used 4711K, capacity 5029K, committed 5120K, reserved 1048576K
}
Event: 35.592 GC heap before
{Heap before GC invocations=5 (full 2):
 PSYoungGen      total 74752K, used 10231K [0x000000076d000000, 0x0000000772300000, 0x00000007c0000000)
  eden space 64512K, 0% used [0x000000076d000000,0x000000076d000000,0x0000000770f00000)
  from space 10240K, 99% used [0x0000000770f00000,0x00000007718fdf98,0x0000000771900000)
  to   space 10240K, 0% used [0x0000000771900000,0x0000000771900000,0x0000000772300000)
 ParOldGen       total 80896K, used 21832K [0x00000006c7000000, 0x00000006cbf00000, 0x000000076d000000)
  object space 80896K, 26% used [0x00000006c7000000,0x00000006c8552190,0x00000006cbf00000)
 Metaspace       used 33506K, capacity 35284K, committed 35496K, reserved 1079296K
  class space    used 4711K, capacity 5029K, committed 5120K, reserved 1048576K
Event: 35.661 GC heap after
Heap after GC invocations=5 (full 2):
 PSYoungGen      total 74752K, used 0K [0x000000076d000000, 0x0000000772300000, 0x00000007c0000000)
  eden space 64512K, 0% used [0x000000076d000000,0x000000076d000000,0x0000000770f00000)
  from space 10240K, 0% used [0x0000000770f00000,0x0000000770f00000,0x0000000771900000)
  to   space 10240K, 0% used [0x0000000771900000,0x0000000771900000,0x0000000772300000)
 ParOldGen       total 99840K, used 23537K [0x00000006c7000000, 0x00000006cd180000, 0x000000076d000000)
  object space 99840K, 23% used [0x00000006c7000000,0x00000006c86fc750,0x00000006cd180000)
 Metaspace       used 33506K, capacity 35284K, committed 35496K, reserved 1079296K
  class space    used 4711K, capacity 5029K, committed 5120K, reserved 1048576K
}

Deoptimization events (10 events):
Event: 55.906 Thread 0x000000001d55f000 Uncommon trap: reason=array_check action=maybe_recompile pc=0x0000000002f850c4 method=java.util.TimSort.binarySort([Ljava/lang/Object;IIILjava/util/Comparator;)V @ 193
Event: 66.595 Thread 0x000000001d55f000 Uncommon trap: reason=array_check action=maybe_recompile pc=0x0000000003b5aeb0 method=java.util.TimSort.binarySort([Ljava/lang/Object;IIILjava/util/Comparator;)V @ 215
Event: 66.597 Thread 0x000000001d55f000 Uncommon trap: reason=array_check action=maybe_recompile pc=0x0000000003b5aeb0 method=java.util.TimSort.binarySort([Ljava/lang/Object;IIILjava/util/Comparator;)V @ 215
Event: 68.680 Thread 0x000000001d55f000 Uncommon trap: reason=unstable_if action=reinterpret pc=0x0000000002e31b3c method=java.beans.ChangeListenerMap.get(Ljava/lang/String;)[Ljava/util/EventListener; @ 4
Event: 70.314 Thread 0x000000001f5ba800 Uncommon trap: reason=unstable_if action=reinterpret pc=0x000000000382d7b8 method=com.sun.scenario.effect.impl.ImagePool.checkOut(Lcom/sun/scenario/effect/impl/Renderer;II)Lcom/sun/scenario/effect/impl/PoolFilterable; @ 5
Event: 70.993 Thread 0x000000001f608800 Uncommon trap: reason=unstable_if action=reinterpret pc=0x0000000002d64470 method=javafx.scene.Node.impl_pickNode(Lcom/sun/javafx/geom/PickRay;Lcom/sun/javafx/scene/input/PickResultChooser;)V @ 11
Event: 70.993 Thread 0x000000001f608800 Uncommon trap: reason=unstable_if action=reinterpret pc=0x0000000003750a58 method=javafx.scene.Node$MiscProperties.isDisable()Z @ 4
Event: 72.405 Thread 0x000000001f608800 Uncommon trap: reason=unstable_if action=reinterpret pc=0x0000000003bedf4c method=com.sun.javafx.sg.prism.NGShape.geometryChanged()V @ 8
Event: 73.870 Thread 0x000000001f5ba800 Uncommon trap: reason=unstable_if action=reinterpret pc=0x000000000374ae34 method=com.sun.javafx.sg.prism.NGGroup.computeRenderRoot(Lcom/sun/javafx/sg/prism/NodePath;Lcom/sun/javafx/geom/RectBounds;ILcom/sun/javafx/geom/transform/BaseTransform;Lcom/sun/ja
Event: 78.837 Thread 0x000000001f608800 Uncommon trap: reason=unstable_if action=reinterpret pc=0x00000000039de28c method=com.sun.scenario.animation.shared.InfiniteClipEnvelope.timePulse(J)V @ 63

Classes redefined (0 events):
No events

Internal exceptions (10 events):
Event: 2.318 Thread 0x000000001f608800 Exception <a 'java/lang/ArrayIndexOutOfBoundsException': 86> (0x000000076f837508) thrown at [C:\re\workspace\8-2-build-windows-amd64-cygwin\jdk8u201\12322\hotspot\src\share\vm\interpreter\interpreterRuntime.cpp, line 368]
Event: 2.344 Thread 0x000000001f608800 Exception <a 'java/lang/ArrayIndexOutOfBoundsException'> (0x000000076fa19ff0) thrown at [C:\re\workspace\8-2-build-windows-amd64-cygwin\jdk8u201\12322\hotspot\src\share\vm\runtime\sharedRuntime.cpp, line 605]
Event: 2.387 Thread 0x000000001f608800 Exception <a 'java/lang/ArrayIndexOutOfBoundsException'> (0x000000076fb4f578) thrown at [C:\re\workspace\8-2-build-windows-amd64-cygwin\jdk8u201\12322\hotspot\src\share\vm\runtime\sharedRuntime.cpp, line 605]
Event: 15.465 Thread 0x000000001f608800 Implicit null exception at 0x0000000003225d43 to 0x0000000003228f01
Event: 15.481 Thread 0x000000001f608800 Implicit null exception at 0x000000000310f665 to 0x000000000310f901
Event: 16.740 Thread 0x000000001f5ba800 Implicit null exception at 0x00000000035683ec to 0x0000000003568461
Event: 29.608 Thread 0x000000001f608800 Exception <a 'java/io/FileNotFoundException'> (0x00000007701896a8) thrown at [C:\re\workspace\8-2-build-windows-amd64-cygwin\jdk8u201\12322\hotspot\src\share\vm\prims\jni.cpp, line 709]
Event: 29.645 Thread 0x000000001f608800 Exception <a 'java/io/FileNotFoundException'> (0x0000000770227970) thrown at [C:\re\workspace\8-2-build-windows-amd64-cygwin\jdk8u201\12322\hotspot\src\share\vm\prims\jni.cpp, line 709]
Event: 35.458 Thread 0x000000001f608800 Exception <a 'java/io/FileNotFoundException'> (0x00000007706d3ed0) thrown at [C:\re\workspace\8-2-build-windows-amd64-cygwin\jdk8u201\12322\hotspot\src\share\vm\prims\jni.cpp, line 709]
Event: 68.680 Thread 0x000000001d55f000 Implicit null exception at 0x0000000002e30bd9 to 0x0000000002e31b21

Events (10 events):
Event: 73.870 Thread 0x000000001f5ba800 DEOPT PACKING pc=0x000000000374ae34 sp=0x000000001fe8dc00
Event: 73.870 Thread 0x000000001f5ba800 DEOPT UNPACKING pc=0x000000000284583b sp=0x000000001fe8db40 mode 2
Event: 76.289 loading class com/sun/javafx/scene/control/skin/TextAreaSkin
Event: 76.289 loading class com/sun/javafx/scene/control/skin/TextAreaSkin done
Event: 78.837 Thread 0x000000001f608800 Uncommon trap: trap_request=0xffffff65 fr.pc=0x00000000039de28c
Event: 78.837 Thread 0x000000001f608800 DEOPT PACKING pc=0x00000000039de28c sp=0x000000002033dba0
Event: 78.837 Thread 0x000000001f608800 DEOPT UNPACKING pc=0x000000000284583b sp=0x000000002033d9f8 mode 2
Event: 82.905 Thread 0x000000001d552800 flushing nmethod 0x0000000002be6750
Event: 83.702 Thread 0x000000001d558800 flushing nmethod 0x0000000002ce00d0
Event: 83.703 Thread 0x000000001d558800 flushing nmethod 0x0000000002d7aed0


Dynamic libraries:
0x000000013fec0000 - 0x000000013fef7000 	C:\Program Files\Java\jdk1.8.0_201\jre\bin\java.exe
0x0000000077490000 - 0x000000007762f000 	C:\Windows\SYSTEM32\ntdll.dll
0x0000000077370000 - 0x000000007748f000 	C:\Windows\system32\kernel32.dll
0x000007fefd340000 - 0x000007fefd3aa000 	C:\Windows\system32\KERNELBASE.dll
0x000007fefddb0000 - 0x000007fefde8b000 	C:\Windows\system32\ADVAPI32.dll
0x000007fefd9f0000 - 0x000007fefda8f000 	C:\Windows\system32\msvcrt.dll
0x000007fefe4e0000 - 0x000007fefe4ff000 	C:\Windows\SYSTEM32\sechost.dll
0x000007fefde90000 - 0x000007fefdfbd000 	C:\Windows\system32\RPCRT4.dll
0x0000000077270000 - 0x000000007736a000 	C:\Windows\system32\USER32.dll
0x000007fefda90000 - 0x000007fefdaf7000 	C:\Windows\system32\GDI32.dll
0x000007fefdb00000 - 0x000007fefdb0e000 	C:\Windows\system32\LPK.dll
0x000007fefd770000 - 0x000007fefd83b000 	C:\Windows\system32\USP10.dll
0x000007fefc2e0000 - 0x000007fefc4d4000 	C:\Windows\WinSxS\amd64_microsoft.windows.common-controls_6595b64144ccf1df_6.0.7601.18837_none_fa3b1e3d17594757\COMCTL32.dll
0x000007fefdbb0000 - 0x000007fefdc21000 	C:\Windows\system32\SHLWAPI.dll
0x000007fefe500000 - 0x000007fefe52e000 	C:\Windows\system32\IMM32.DLL
0x000007fefd660000 - 0x000007fefd769000 	C:\Windows\system32\MSCTF.dll
0x000007fefd200000 - 0x000007fefd230000 	C:\Windows\system32\nvinitx.dll
0x000007fefd1f0000 - 0x000007fefd1fc000 	C:\Windows\system32\VERSION.dll
0x0000000073480000 - 0x0000000073486000 	C:\Program Files\NVIDIA Corporation\CoProcManager\detoured.dll
0x000007fefa1a0000 - 0x000007fefa1d8000 	C:\Program Files\NVIDIA Corporation\CoProcManager\nvd3d9wrapx.dll
0x000007fefe300000 - 0x000007fefe4d7000 	C:\Windows\system32\SETUPAPI.dll
0x000007fefd300000 - 0x000007fefd336000 	C:\Windows\system32\CFGMGR32.dll
0x000007fefdc30000 - 0x000007fefdd0a000 	C:\Windows\system32\OLEAUT32.dll
0x000007fefe5b0000 - 0x000007fefe7af000 	C:\Windows\system32\ole32.dll
0x000007fefd3f0000 - 0x000007fefd40a000 	C:\Windows\system32\DEVOBJ.dll
0x000007fefa170000 - 0x000007fefa194000 	C:\Program Files\NVIDIA Corporation\CoProcManager\nvdxgiwrapx.dll
0x000000006c450000 - 0x000000006c521000 	C:\Program Files\Java\jdk1.8.0_201\jre\bin\msvcr100.dll
0x000000006b790000 - 0x000000006c034000 	C:\Program Files\Java\jdk1.8.0_201\jre\bin\server\jvm.dll
0x000007fef67d0000 - 0x000007fef67d9000 	C:\Windows\system32\WSOCK32.dll
0x000007fefd9a0000 - 0x000007fefd9ed000 	C:\Windows\system32\WS2_32.dll
0x000007fefe2f0000 - 0x000007fefe2f8000 	C:\Windows\system32\NSI.dll
0x000007fefacf0000 - 0x000007fefad2b000 	C:\Windows\system32\WINMM.dll
0x0000000077640000 - 0x0000000077647000 	C:\Windows\system32\PSAPI.DLL
0x000007fefad60000 - 0x000007fefad6f000 	C:\Program Files\Java\jdk1.8.0_201\jre\bin\verify.dll
0x000007fefa540000 - 0x000007fefa569000 	C:\Program Files\Java\jdk1.8.0_201\jre\bin\java.dll
0x000007fefa580000 - 0x000007fefa596000 	C:\Program Files\Java\jdk1.8.0_201\jre\bin\zip.dll
0x000007fefe7b0000 - 0x000007feff53a000 	C:\Windows\system32\SHELL32.dll
0x000007fefd230000 - 0x000007fefd23f000 	C:\Windows\system32\profapi.dll
0x000007fefad70000 - 0x000007fefad73000 	C:\Program Files\Java\jdk1.8.0_201\jre\bin\api-ms-win-core-console-l1-1-0.dll
0x000007fefad50000 - 0x000007fefad53000 	C:\Program Files\Java\jdk1.8.0_201\jre\bin\api-ms-win-core-datetime-l1-1-0.dll
0x000007fefa9b0000 - 0x000007fefa9b3000 	C:\Program Files\Java\jdk1.8.0_201\jre\bin\api-ms-win-core-debug-l1-1-0.dll
0x000007fefa7d0000 - 0x000007fefa7d3000 	C:\Program Files\Java\jdk1.8.0_201\jre\bin\api-ms-win-core-errorhandling-l1-1-0.dll
0x000007fef8d70000 - 0x000007fef8d74000 	C:\Program Files\Java\jdk1.8.0_201\jre\bin\api-ms-win-core-file-l1-1-0.dll
0x000007fef7110000 - 0x000007fef7113000 	C:\Program Files\Java\jdk1.8.0_201\jre\bin\api-ms-win-core-file-l1-2-0.dll
0x000007fef2360000 - 0x000007fef2363000 	C:\Program Files\Java\jdk1.8.0_201\jre\bin\api-ms-win-core-file-l2-1-0.dll
0x000007fef1ca0000 - 0x000007fef1ca3000 	C:\Program Files\Java\jdk1.8.0_201\jre\bin\api-ms-win-core-handle-l1-1-0.dll
0x000007fef1c90000 - 0x000007fef1c93000 	C:\Program Files\Java\jdk1.8.0_201\jre\bin\api-ms-win-core-heap-l1-1-0.dll
0x000007feeda60000 - 0x000007feeda63000 	C:\Program Files\Java\jdk1.8.0_201\jre\bin\api-ms-win-core-interlocked-l1-1-0.dll
0x000007feeda00000 - 0x000007feeda03000 	C:\Program Files\Java\jdk1.8.0_201\jre\bin\api-ms-win-core-libraryloader-l1-1-0.dll
0x000007feed480000 - 0x000007feed483000 	C:\Program Files\Java\jdk1.8.0_201\jre\bin\api-ms-win-core-localization-l1-2-0.dll
0x000007feed460000 - 0x000007feed463000 	C:\Program Files\Java\jdk1.8.0_201\jre\bin\api-ms-win-core-memory-l1-1-0.dll
0x000007feed470000 - 0x000007feed473000 	C:\Program Files\Java\jdk1.8.0_201\jre\bin\api-ms-win-core-namedpipe-l1-1-0.dll
0x000007feed440000 - 0x000007feed443000 	C:\Program Files\Java\jdk1.8.0_201\jre\bin\api-ms-win-core-processenvironment-l1-1-0.dll
0x000007feed450000 - 0x000007feed453000 	C:\Program Files\Java\jdk1.8.0_201\jre\bin\api-ms-win-core-processthreads-l1-1-0.dll
0x000007feed380000 - 0x000007feed383000 	C:\Program Files\Java\jdk1.8.0_201\jre\bin\api-ms-win-core-processthreads-l1-1-1.dll
0x000007feed390000 - 0x000007feed393000 	C:\Program Files\Java\jdk1.8.0_201\jre\bin\api-ms-win-core-profile-l1-1-0.dll
0x000007feed360000 - 0x000007feed363000 	C:\Program Files\Java\jdk1.8.0_201\jre\bin\api-ms-win-core-rtlsupport-l1-1-0.dll
0x000007feed370000 - 0x000007feed373000 	C:\Program Files\Java\jdk1.8.0_201\jre\bin\api-ms-win-core-string-l1-1-0.dll
0x000007feed280000 - 0x000007feed283000 	C:\Program Files\Java\jdk1.8.0_201\jre\bin\api-ms-win-core-synch-l1-1-0.dll
0x000007feed350000 - 0x000007feed353000 	C:\Program Files\Java\jdk1.8.0_201\jre\bin\api-ms-win-core-synch-l1-2-0.dll
0x000007feece60000 - 0x000007feece63000 	C:\Program Files\Java\jdk1.8.0_201\jre\bin\api-ms-win-core-sysinfo-l1-1-0.dll
0x000007feed270000 - 0x000007feed273000 	C:\Program Files\Java\jdk1.8.0_201\jre\bin\api-ms-win-core-timezone-l1-1-0.dll
0x000007feece40000 - 0x000007feece43000 	C:\Program Files\Java\jdk1.8.0_201\jre\bin\api-ms-win-core-util-l1-1-0.dll
0x000007feece50000 - 0x000007feece53000 	C:\Program Files\Java\jdk1.8.0_201\jre\bin\api-ms-win-crt-conio-l1-1-0.dll
0x000007feece20000 - 0x000007feece24000 	C:\Program Files\Java\jdk1.8.0_201\jre\bin\api-ms-win-crt-convert-l1-1-0.dll
0x000007feece30000 - 0x000007feece33000 	C:\Program Files\Java\jdk1.8.0_201\jre\bin\api-ms-win-crt-environment-l1-1-0.dll
0x000007feece00000 - 0x000007feece03000 	C:\Program Files\Java\jdk1.8.0_201\jre\bin\api-ms-win-crt-filesystem-l1-1-0.dll
0x000007feece10000 - 0x000007feece13000 	C:\Program Files\Java\jdk1.8.0_201\jre\bin\api-ms-win-crt-heap-l1-1-0.dll
0x000007feecde0000 - 0x000007feecde3000 	C:\Program Files\Java\jdk1.8.0_201\jre\bin\api-ms-win-crt-locale-l1-1-0.dll
0x000007feecdf0000 - 0x000007feecdf5000 	C:\Program Files\Java\jdk1.8.0_201\jre\bin\api-ms-win-crt-math-l1-1-0.dll
0x000007feecdc0000 - 0x000007feecdc5000 	C:\Program Files\Java\jdk1.8.0_201\jre\bin\api-ms-win-crt-multibyte-l1-1-0.dll
0x000007feecdd0000 - 0x000007feecde0000 	C:\Program Files\Java\jdk1.8.0_201\jre\bin\api-ms-win-crt-private-l1-1-0.dll
0x000007feecda0000 - 0x000007feecda3000 	C:\Program Files\Java\jdk1.8.0_201\jre\bin\api-ms-win-crt-process-l1-1-0.dll
0x000007feecdb0000 - 0x000007feecdb4000 	C:\Program Files\Java\jdk1.8.0_201\jre\bin\api-ms-win-crt-runtime-l1-1-0.dll
0x000007feeccb0000 - 0x000007feeccb4000 	C:\Program Files\Java\jdk1.8.0_201\jre\bin\api-ms-win-crt-stdio-l1-1-0.dll
0x000007feecd90000 - 0x000007feecd94000 	C:\Program Files\Java\jdk1.8.0_201\jre\bin\api-ms-win-crt-string-l1-1-0.dll
0x000007feecc90000 - 0x000007feecc93000 	C:\Program Files\Java\jdk1.8.0_201\jre\bin\api-ms-win-crt-time-l1-1-0.dll
0x000007feecca0000 - 0x000007feecca3000 	C:\Program Files\Java\jdk1.8.0_201\jre\bin\api-ms-win-crt-utility-l1-1-0.dll
0x000007feec010000 - 0x000007feec106000 	C:\Program Files\Java\jdk1.8.0_201\jre\bin\ucrtbase.dll
0x000007feecc50000 - 0x000007feecc66000 	C:\Program Files\Java\jdk1.8.0_201\jre\bin\vcruntime140.dll
0x000007feec3c0000 - 0x000007feec45c000 	C:\Program Files\Java\jdk1.8.0_201\jre\bin\msvcp140.dll
0x000007feecbf0000 - 0x000007feecc41000 	C:\Program Files\Java\jdk1.8.0_201\jre\bin\concrt140.dll
0x000007feec390000 - 0x000007feec3b3000 	C:\Program Files\Java\jdk1.8.0_201\jre\bin\prism_d3d.dll
0x000007fef9bb0000 - 0x000007fef9daf000 	C:\Windows\system32\d3d9.dll
0x000007fef9b10000 - 0x000007fef9b17000 	C:\Windows\system32\d3d8thk.dll
0x000007fefab00000 - 0x000007fefab18000 	C:\Windows\system32\dwmapi.dll
0x000007fefd3b0000 - 0x000007fefd3eb000 	C:\Windows\system32\WINTRUST.dll
0x000007fefd440000 - 0x000007fefd5ad000 	C:\Windows\system32\CRYPT32.dll
0x000007fefd2d0000 - 0x000007fefd2df000 	C:\Windows\system32\MSASN1.dll
0x000007fefb2c0000 - 0x000007fefb316000 	C:\Windows\system32\uxtheme.dll
0x000007fef9540000 - 0x000007fef95c2000 	C:\Windows\system32\nvumdshimx.dll
0x000007feddbb0000 - 0x000007fede61d000 	C:\Windows\system32\igdumdim64.dll
0x000007fef3c50000 - 0x000007fef40b5000 	C:\Windows\system32\igdusc64.dll
0x000007fed1b50000 - 0x000007fed2d24000 	C:\Windows\system32\nvd3dumx.dll
0x000007feebfc0000 - 0x000007feec009000 	C:\Program Files\Java\jdk1.8.0_201\jre\bin\glass.dll
0x000007fefdd10000 - 0x000007fefdda7000 	C:\Windows\system32\COMDLG32.dll
0x000007fee85d0000 - 0x000007fee87e5000 	C:\Program Files\NVIDIA Corporation\nview\nViewH64.dll
0x000007fefbd30000 - 0x000007fefbd5d000 	C:\Windows\system32\ntmarta.dll
0x000007fefe550000 - 0x000007fefe5a2000 	C:\Windows\system32\WLDAP32.dll
0x000007fefd120000 - 0x000007fefd12f000 	C:\Windows\system32\CRYPTBASE.dll
0x000007feecc70000 - 0x000007feecc84000 	C:\Program Files\Java\jdk1.8.0_201\jre\bin\javafx_font.dll
0x000007feebe20000 - 0x000007feebfb6000 	C:\Windows\system32\dwrite.dll
0x000007fefdb10000 - 0x000007fefdba9000 	C:\Windows\system32\CLBCatQ.DLL
0x000007fefa810000 - 0x000007fefa971000 	C:\Windows\system32\WindowsCodecs.dll
0x000007fefd0c0000 - 0x000007fefd117000 	C:\Windows\system32\apphelp.dll
0x000007fef3b50000 - 0x000007fef3b59000 	C:\Program Files (x86)\Internet Download Manager\IDMShellExt64.dll
0x000007fef3800000 - 0x000007fef3835000 	C:\Windows\system32\EhStorShell.dll
0x000007fefb960000 - 0x000007fefba8c000 	C:\Windows\system32\PROPSYS.dll
0x000007fef3730000 - 0x000007fef37ae000 	C:\Windows\System32\cscui.dll
0x000007fef36c0000 - 0x000007fef36cc000 	C:\Windows\System32\CSCDLL.dll
0x000007fef36b0000 - 0x000007fef36bf000 	C:\Windows\system32\CSCAPI.dll
0x000007fef3630000 - 0x000007fef36b0000 	C:\Windows\system32\ntshrui.dll
0x000007fefccc0000 - 0x000007fefcce3000 	C:\Windows\system32\srvcli.dll
0x000007fefac70000 - 0x000007fefac7b000 	C:\Windows\system32\slc.dll
0x000007feec360000 - 0x000007feec38d000 	C:\Program Files\Common Files\Microsoft Shared\Ink\rtscom.dll
0x000007fefa520000 - 0x000007fefa53a000 	C:\Program Files\Java\jdk1.8.0_201\jre\bin\net.dll
0x000007fefd840000 - 0x000007fefd99f000 	C:\Windows\system32\urlmon.dll
0x000007fefd2e0000 - 0x000007fefd2e4000 	C:\Windows\system32\api-ms-win-downlevel-ole32-l1-1-0.dll
0x000007fefd650000 - 0x000007fefd654000 	C:\Windows\system32\api-ms-win-downlevel-shlwapi-l1-1-0.dll
0x000007fefd430000 - 0x000007fefd435000 	C:\Windows\system32\api-ms-win-downlevel-advapi32-l1-1-0.dll
0x0000000002310000 - 0x0000000002314000 	C:\Windows\system32\api-ms-win-downlevel-user32-l1-1-0.dll
0x000007fefd410000 - 0x000007fefd414000 	C:\Windows\system32\api-ms-win-downlevel-version-l1-1-0.dll
0x000007fefd420000 - 0x000007fefd423000 	C:\Windows\system32\api-ms-win-downlevel-normaliz-l1-1-0.dll
0x0000000077630000 - 0x0000000077633000 	C:\Windows\system32\normaliz.DLL
0x000007fefdfc0000 - 0x000007fefe268000 	C:\Windows\system32\iertutil.dll
0x000007feff540000 - 0x000007feff780000 	C:\Windows\system32\WININET.dll
0x000007fefca00000 - 0x000007fefca55000 	C:\Windows\system32\mswsock.dll
0x000007fefc9f0000 - 0x000007fefc9f7000 	C:\Windows\System32\wship6.dll

VM Arguments:
jvm_args: -Dfile.encoding=UTF-8 
java_command: D:\Projects\GenioBITS Gym Software\dist\run567313623\Drapo Dashboard.jar
java_class_path (initial): D:\Projects\GenioBITS Gym Software\dist\run567313623\Drapo Dashboard.jar
Launcher Type: SUN_STANDARD

Environment Variables:
PATH=C:\Program Files (x86)\Common Files\Oracle\Java\javapath;C:\Windows\system32;C:\Windows;C:\Windows\System32\Wbem;C:\Windows\System32\WindowsPowerShell\v1.0\;C:\Program Files\Intel\WiFi\bin\;C:\Program Files\Common Files\Intel\WirelessCommon\;C:\Program Files\ThinkPad\Bluetooth Software\;C:\Program Files\ThinkPad\Bluetooth Software\syswow64;C:\Program Files\nodejs\;C:\Program Files\dotnet\;C:\Users\DESTINY\AppData\Local\Programs\Python\Python37\Scripts\;C:\Users\DESTINY\AppData\Local\Programs\Python\Python37\;C:\Program Files\Intel\WiFi\bin\;C:\Program Files\Common Files\Intel\WirelessCommon\;C:\Program Files\heroku\bin;C:\Users\DESTINY\AppData\Local\Programs\Microsoft VS Code\bin;C:\Users\DESTINY\AppData\Roaming\npm;C:\Program Files (x86)\Nmap;C:\Program Files\JetBrains\PyCharm Community Edition 2019.1.3\bin;
USERNAME=DESTINY
OS=Windows_NT
PROCESSOR_IDENTIFIER=Intel64 Family 6 Model 58 Stepping 9, GenuineIntel



---------------  S Y S T E M  ---------------

OS: Windows 7 , 64 bit Build 7601 (6.1.7601.24354)

CPU:total 8 (initial active 8) (4 cores per cpu, 2 threads per core) family 6 model 58 stepping 9, cmov, cx8, fxsr, mmx, sse, sse2, sse3, ssse3, sse4.1, sse4.2, popcnt, avx, aes, clmul, erms, ht, tsc, tscinvbit, tscinv

Memory: 4k page, physical 16314376k(12502136k free), swap 32626848k(28048804k free)

vm_info: Java HotSpot(TM) 64-Bit Server VM (25.201-b09) for windows-amd64 JRE (1.8.0_201-b09), built on Dec 15 2018 18:36:39 by "java_re" with MS VC++ 10.0 (VS2010)

time: Sat Sep 07 15:20:02 2019
timezone: India Standard Time
elapsed time: 83 seconds (0d 0h 1m 23s)

